This is XeTeX, Version 3.141592653-2.6-0.999997 (TeX Live 2025) (preloaded format=xelatex 2025.3.10)  27 MAR 2025 21:06
entering extended mode
 restricted \write18 enabled.
 %&-line parsing enabled.
**index.tex
(./index.tex
LaTeX2e <2024-11-01> patch level 2
L3 programming layer <2025-01-18>
(c:/Users/roess/AppData/Roaming/TinyTeX/texmf-dist/tex/latex/koma-script/scrreprt.cls
Document Class: scrreprt 2024/10/24 v3.43 KOMA-Script document class (report)
(c:/Users/roess/AppData/Roaming/TinyTeX/texmf-dist/tex/latex/koma-script/scrkbase.sty
Package: scrkbase 2024/10/24 v3.43 KOMA-Script package (KOMA-Script-dependent basics and keyval usage)
(c:/Users/roess/AppData/Roaming/TinyTeX/texmf-dist/tex/latex/koma-script/scrbase.sty
Package: scrbase 2024/10/24 v3.43 KOMA-Script package (KOMA-Script-independent basics and keyval usage)
(c:/Users/roess/AppData/Roaming/TinyTeX/texmf-dist/tex/latex/koma-script/scrlfile.sty
Package: scrlfile 2024/10/24 v3.43 KOMA-Script package (file load hooks)
(c:/Users/roess/AppData/Roaming/TinyTeX/texmf-dist/tex/latex/koma-script/scrlfile-hook.sty
Package: scrlfile-hook 2024/10/24 v3.43 KOMA-Script package (using LaTeX hooks)
(c:/Users/roess/AppData/Roaming/TinyTeX/texmf-dist/tex/latex/koma-script/scrlogo.sty
Package: scrlogo 2024/10/24 v3.43 KOMA-Script package (logo)
))) (c:/Users/roess/AppData/Roaming/TinyTeX/texmf-dist/tex/latex/graphics/keyval.sty
Package: keyval 2022/05/29 v1.15 key=value parser (DPC)
\KV@toks@=\toks17
)
Applying: [2021/05/01] Usage of raw or classic option list on input line 254.
Already applied: [0000/00/00] Usage of raw or classic option list on input line 370.
)) (c:/Users/roess/AppData/Roaming/TinyTeX/texmf-dist/tex/latex/koma-script/tocbasic.sty
Package: tocbasic 2024/10/24 v3.43 KOMA-Script package (handling toc-files)
\scr@dte@tocline@numberwidth=\skip49
\scr@dte@tocline@numbox=\box52
)
Package tocbasic Info: omitting babel extension for `toc'
(tocbasic)             because of feature `nobabel' available
(tocbasic)             for `toc' on input line 137.
Class scrreprt Info: File `scrsize11pt.clo' used instead of
(scrreprt)           file `scrsize11.clo' to setup font sizes on input line 2713.
(c:/Users/roess/AppData/Roaming/TinyTeX/texmf-dist/tex/latex/koma-script/scrsize11pt.clo
File: scrsize11pt.clo 2024/10/24 v3.43 KOMA-Script font size class option (11pt)
) (c:/Users/roess/AppData/Roaming/TinyTeX/texmf-dist/tex/latex/koma-script/typearea.sty
Package: typearea 2024/10/24 v3.43 KOMA-Script package (type area)
\ta@bcor=\skip50
\ta@div=\count192
Package typearea Info: You've used standard option `letterpaper'.
(typearea)             This is correct!
(typearea)             Internally I'm using `paper=letter'.
(typearea)             If you'd like to set the option with \KOMAoptions,
(typearea)             you'd have to use `paper=letter' there
(typearea)             instead of `letterpaper', too.
\ta@hblk=\skip51
\ta@vblk=\skip52
\ta@temp=\skip53
\footheight=\skip54
Package typearea Info: These are the values describing the layout:
(typearea)             DIV  = 11
(typearea)             BCOR = 0.0pt
(typearea)             \paperwidth      = 614.295pt
(typearea)              \textwidth      = 446.76004pt
(typearea)              DIV departure   = -14%
(typearea)              \evensidemargin = 11.49748pt
(typearea)              \oddsidemargin  = 11.49748pt
(typearea)             \paperheight     = 794.96999pt
(typearea)              \textheight     = 582.20026pt
(typearea)              \topmargin      = -37.40001pt
(typearea)              \headheight     = 17.0pt
(typearea)              \headsep        = 20.40001pt
(typearea)              \topskip        = 11.0pt
(typearea)              \footskip       = 47.6pt
(typearea)              \baselineskip   = 13.6pt
(typearea)              on input line 1802.
)
\c@part=\count193
\c@chapter=\count194
\c@section=\count195
\c@subsection=\count196
\c@subsubsection=\count197
\c@paragraph=\count198
\c@subparagraph=\count199
\scr@dte@chapter@maxnumwidth=\skip55
Class scrreprt Info: using compatibility default `afterindent=bysign'
(scrreprt)           for `\chapter on input line 6020.
\scr@dte@section@maxnumwidth=\skip56
Class scrreprt Info: using compatibility default `runin=bysign'
(scrreprt)           for `\section on input line 6031.
Class scrreprt Info: using compatibility default `afterindent=bysign'
(scrreprt)           for `\section on input line 6031.
\scr@dte@part@maxnumwidth=\skip57
Class scrreprt Info: using compatibility default `afterindent=true'
(scrreprt)           for `\part on input line 6040.
\scr@dte@subsection@maxnumwidth=\skip58
Class scrreprt Info: using compatibility default `runin=bysign'
(scrreprt)           for `\subsection on input line 6050.
Class scrreprt Info: using compatibility default `afterindent=bysign'
(scrreprt)           for `\subsection on input line 6050.
\scr@dte@subsubsection@maxnumwidth=\skip59
Class scrreprt Info: using compatibility default `runin=bysign'
(scrreprt)           for `\subsubsection on input line 6060.
Class scrreprt Info: using compatibility default `afterindent=bysign'
(scrreprt)           for `\subsubsection on input line 6060.
\scr@dte@paragraph@maxnumwidth=\skip60
Class scrreprt Info: using compatibility default `runin=bysign'
(scrreprt)           for `\paragraph on input line 6071.
Class scrreprt Info: using compatibility default `afterindent=bysign'
(scrreprt)           for `\paragraph on input line 6071.
\scr@dte@subparagraph@maxnumwidth=\skip61
Class scrreprt Info: using compatibility default `runin=bysign'
(scrreprt)           for `\subparagraph on input line 6081.
Class scrreprt Info: using compatibility default `afterindent=bysign'
(scrreprt)           for `\subparagraph on input line 6081.
\abovecaptionskip=\skip62
\belowcaptionskip=\skip63
\c@pti@nb@sid@b@x=\box53
Package tocbasic Info: omitting babel extension for `lof'
(tocbasic)             because of feature `nobabel' available
(tocbasic)             for `lof' on input line 7269.
\scr@dte@figure@maxnumwidth=\skip64
\c@figure=\count266
Package tocbasic Info: omitting babel extension for `lot'
(tocbasic)             because of feature `nobabel' available
(tocbasic)             for `lot' on input line 7286.
\scr@dte@table@maxnumwidth=\skip65
\c@table=\count267
Class scrreprt Info: Redefining `\numberline' on input line 7457.
\bibindent=\dimen141
) (c:/Users/roess/AppData/Roaming/TinyTeX/texmf-dist/tex/latex/amsmath/amsmath.sty
Package: amsmath 2024/11/05 v2.17t AMS math features
\@mathmargin=\skip66
For additional information on amsmath, use the `?' option.
(c:/Users/roess/AppData/Roaming/TinyTeX/texmf-dist/tex/latex/amsmath/amstext.sty
Package: amstext 2021/08/26 v2.01 AMS text
(c:/Users/roess/AppData/Roaming/TinyTeX/texmf-dist/tex/latex/amsmath/amsgen.sty
File: amsgen.sty 1999/11/30 v2.0 generic functions
\@emptytoks=\toks18
\ex@=\dimen142
)) (c:/Users/roess/AppData/Roaming/TinyTeX/texmf-dist/tex/latex/amsmath/amsbsy.sty
Package: amsbsy 1999/11/29 v1.2d Bold Symbols
\pmbraise@=\dimen143
) (c:/Users/roess/AppData/Roaming/TinyTeX/texmf-dist/tex/latex/amsmath/amsopn.sty
Package: amsopn 2022/04/08 v2.04 operator names
)
\inf@bad=\count268
LaTeX Info: Redefining \frac on input line 233.
\uproot@=\count269
\leftroot@=\count270
LaTeX Info: Redefining \overline on input line 398.
LaTeX Info: Redefining \colon on input line 409.
\classnum@=\count271
\DOTSCASE@=\count272
LaTeX Info: Redefining \ldots on input line 495.
LaTeX Info: Redefining \dots on input line 498.
LaTeX Info: Redefining \cdots on input line 619.
\Mathstrutbox@=\box54
\strutbox@=\box55
LaTeX Info: Redefining \big on input line 721.
LaTeX Info: Redefining \Big on input line 722.
LaTeX Info: Redefining \bigg on input line 723.
LaTeX Info: Redefining \Bigg on input line 724.
\big@size=\dimen144
LaTeX Font Info:    Redeclaring font encoding OML on input line 742.
LaTeX Font Info:    Redeclaring font encoding OMS on input line 743.
\macc@depth=\count273
LaTeX Info: Redefining \bmod on input line 904.
LaTeX Info: Redefining \pmod on input line 909.
LaTeX Info: Redefining \smash on input line 939.
LaTeX Info: Redefining \relbar on input line 969.
LaTeX Info: Redefining \Relbar on input line 970.
\c@MaxMatrixCols=\count274
\dotsspace@=\muskip17
\c@parentequation=\count275
\dspbrk@lvl=\count276
\tag@help=\toks19
\row@=\count277
\column@=\count278
\maxfields@=\count279
\andhelp@=\toks20
\eqnshift@=\dimen145
\alignsep@=\dimen146
\tagshift@=\dimen147
\tagwidth@=\dimen148
\totwidth@=\dimen149
\lineht@=\dimen150
\@envbody=\toks21
\multlinegap=\skip67
\multlinetaggap=\skip68
\mathdisplay@stack=\toks22
LaTeX Info: Redefining \[ on input line 2953.
LaTeX Info: Redefining \] on input line 2954.
) (c:/Users/roess/AppData/Roaming/TinyTeX/texmf-dist/tex/latex/amsfonts/amssymb.sty
Package: amssymb 2013/01/14 v3.01 AMS font symbols
(c:/Users/roess/AppData/Roaming/TinyTeX/texmf-dist/tex/latex/amsfonts/amsfonts.sty
Package: amsfonts 2013/01/14 v3.01 Basic AMSFonts support
\symAMSa=\mathgroup4
\symAMSb=\mathgroup5
LaTeX Font Info:    Redeclaring math symbol \hbar on input line 98.
LaTeX Font Info:    Overwriting math alphabet `\mathfrak' in version `bold'
(Font)                  U/euf/m/n --> U/euf/b/n on input line 106.
)) (c:/Users/roess/AppData/Roaming/TinyTeX/texmf-dist/tex/generic/iftex/iftex.sty
Package: iftex 2024/12/12 v1.0g TeX engine tests
) (c:/Users/roess/AppData/Roaming/TinyTeX/texmf-dist/tex/latex/unicode-math/unicode-math.sty (c:/Users/roess/AppData/Roaming/TinyTeX/texmf-dist/tex/latex/l3kernel/expl3.sty
Package: expl3 2025-01-18 L3 programming layer (loader) 
(c:/Users/roess/AppData/Roaming/TinyTeX/texmf-dist/tex/latex/l3backend/l3backend-xetex.def
File: l3backend-xetex.def 2024-05-08 L3 backend support: XeTeX
\g__graphics_track_int=\count280
\l__pdf_internal_box=\box56
\g__pdf_backend_annotation_int=\count281
\g__pdf_backend_link_int=\count282
))
Package: unicode-math 2023/08/13 v0.8r Unicode maths in XeLaTeX and LuaLaTeX
(c:/Users/roess/AppData/Roaming/TinyTeX/texmf-dist/tex/latex/unicode-math/unicode-math-xetex.sty
Package: unicode-math-xetex 2023/08/13 v0.8r Unicode maths in XeLaTeX and LuaLaTeX
(c:/Users/roess/AppData/Roaming/TinyTeX/texmf-dist/tex/latex/l3packages/xparse/xparse.sty
Package: xparse 2024-08-16 L3 Experimental document command parser
) (c:/Users/roess/AppData/Roaming/TinyTeX/texmf-dist/tex/latex/l3packages/l3keys2e/l3keys2e.sty
Package: l3keys2e 2024-08-16 LaTeX2e option processing using LaTeX3 keys
) (c:/Users/roess/AppData/Roaming/TinyTeX/texmf-dist/tex/latex/fontspec/fontspec.sty
Package: fontspec 2024/05/11 v2.9e Font selection for XeLaTeX and LuaLaTeX
(c:/Users/roess/AppData/Roaming/TinyTeX/texmf-dist/tex/latex/fontspec/fontspec-xetex.sty
Package: fontspec-xetex 2024/05/11 v2.9e Font selection for XeLaTeX and LuaLaTeX
\l__fontspec_script_int=\count283
\l__fontspec_language_int=\count284
\l__fontspec_strnum_int=\count285
\l__fontspec_tmp_int=\count286
\l__fontspec_tmpa_int=\count287
\l__fontspec_tmpb_int=\count288
\l__fontspec_tmpc_int=\count289
\l__fontspec_em_int=\count290
\l__fontspec_emdef_int=\count291
\l__fontspec_strong_int=\count292
\l__fontspec_strongdef_int=\count293
\l__fontspec_tmpa_dim=\dimen151
\l__fontspec_tmpb_dim=\dimen152
\l__fontspec_tmpc_dim=\dimen153
(c:/Users/roess/AppData/Roaming/TinyTeX/texmf-dist/tex/latex/base/fontenc.sty
Package: fontenc 2021/04/29 v2.0v Standard LaTeX package
) (c:/Users/roess/AppData/Roaming/TinyTeX/texmf-dist/tex/latex/fontspec/fontspec.cfg))) (c:/Users/roess/AppData/Roaming/TinyTeX/texmf-dist/tex/latex/base/fix-cm.sty
Package: fix-cm 2020/11/24 v1.1t fixes to LaTeX
(c:/Users/roess/AppData/Roaming/TinyTeX/texmf-dist/tex/latex/base/ts1enc.def
File: ts1enc.def 2001/06/05 v3.0e (jk/car/fm) Standard LaTeX file
LaTeX Font Info:    Redeclaring font encoding TS1 on input line 47.
))
\g__um_fam_int=\count294
\g__um_fonts_used_int=\count295
\l__um_primecount_int=\count296
\g__um_primekern_muskip=\muskip18
(c:/Users/roess/AppData/Roaming/TinyTeX/texmf-dist/tex/latex/unicode-math/unicode-math-table.tex))) (c:/Users/roess/AppData/Roaming/TinyTeX/texmf-dist/tex/latex/lm/lmodern.sty
Package: lmodern 2015/05/01 v1.6.1 Latin Modern Fonts
LaTeX Font Info:    Overwriting symbol font `operators' in version `normal'
(Font)                  OT1/cmr/m/n --> OT1/lmr/m/n on input line 22.
LaTeX Font Info:    Overwriting symbol font `letters' in version `normal'
(Font)                  OML/cmm/m/it --> OML/lmm/m/it on input line 23.
LaTeX Font Info:    Overwriting symbol font `symbols' in version `normal'
(Font)                  OMS/cmsy/m/n --> OMS/lmsy/m/n on input line 24.
LaTeX Font Info:    Overwriting symbol font `largesymbols' in version `normal'
(Font)                  OMX/cmex/m/n --> OMX/lmex/m/n on input line 25.
LaTeX Font Info:    Overwriting symbol font `operators' in version `bold'
(Font)                  OT1/cmr/bx/n --> OT1/lmr/bx/n on input line 26.
LaTeX Font Info:    Overwriting symbol font `letters' in version `bold'
(Font)                  OML/cmm/b/it --> OML/lmm/b/it on input line 27.
LaTeX Font Info:    Overwriting symbol font `symbols' in version `bold'
(Font)                  OMS/cmsy/b/n --> OMS/lmsy/b/n on input line 28.
LaTeX Font Info:    Overwriting symbol font `largesymbols' in version `bold'
(Font)                  OMX/cmex/m/n --> OMX/lmex/m/n on input line 29.
LaTeX Font Info:    Overwriting math alphabet `\mathbf' in version `normal'
(Font)                  OT1/cmr/bx/n --> OT1/lmr/bx/n on input line 31.
LaTeX Font Info:    Overwriting math alphabet `\mathsf' in version `normal'
(Font)                  OT1/cmss/m/n --> OT1/lmss/m/n on input line 32.
LaTeX Font Info:    Overwriting math alphabet `\mathit' in version `normal'
(Font)                  OT1/cmr/m/it --> OT1/lmr/m/it on input line 33.
LaTeX Font Info:    Overwriting math alphabet `\mathtt' in version `normal'
(Font)                  OT1/cmtt/m/n --> OT1/lmtt/m/n on input line 34.
LaTeX Font Info:    Overwriting math alphabet `\mathbf' in version `bold'
(Font)                  OT1/cmr/bx/n --> OT1/lmr/bx/n on input line 35.
LaTeX Font Info:    Overwriting math alphabet `\mathsf' in version `bold'
(Font)                  OT1/cmss/bx/n --> OT1/lmss/bx/n on input line 36.
LaTeX Font Info:    Overwriting math alphabet `\mathit' in version `bold'
(Font)                  OT1/cmr/bx/it --> OT1/lmr/bx/it on input line 37.
LaTeX Font Info:    Overwriting math alphabet `\mathtt' in version `bold'
(Font)                  OT1/cmtt/m/n --> OT1/lmtt/m/n on input line 38.
) (c:/Users/roess/AppData/Roaming/TinyTeX/texmf-dist/tex/latex/upquote/upquote.sty
Package: upquote 2012/04/19 v1.3 upright-quote and grave-accent glyphs in verbatim
(c:/Users/roess/AppData/Roaming/TinyTeX/texmf-dist/tex/latex/base/textcomp.sty
Package: textcomp 2024/04/24 v2.1b Standard LaTeX package
)) (c:/Users/roess/AppData/Roaming/TinyTeX/texmf-dist/tex/latex/microtype/microtype.sty
Package: microtype 2025/02/11 v3.2a Micro-typographical refinements (RS)
(c:/Users/roess/AppData/Roaming/TinyTeX/texmf-dist/tex/latex/etoolbox/etoolbox.sty
Package: etoolbox 2025/02/11 v2.5l e-TeX tools for LaTeX (JAW)
\etb@tempcnta=\count297
)
\MT@toks=\toks23
\MT@tempbox=\box57
\MT@count=\count298
LaTeX Info: Redefining \noprotrusionifhmode on input line 1087.
LaTeX Info: Redefining \leftprotrusion on input line 1088.
\MT@prot@toks=\toks24
LaTeX Info: Redefining \rightprotrusion on input line 1107.
LaTeX Info: Redefining \textls on input line 1449.
\MT@outer@kern=\dimen154
LaTeX Info: Redefining \microtypecontext on input line 2053.
LaTeX Info: Redefining \textmicrotypecontext on input line 2070.
\MT@listname@count=\count299
(c:/Users/roess/AppData/Roaming/TinyTeX/texmf-dist/tex/latex/microtype/microtype-xetex.def
File: microtype-xetex.def 2025/02/11 v3.2a Definitions specific to xetex (RS)
LaTeX Info: Redefining \lsstyle on input line 443.
LaTeX Info: Redefining \lslig on input line 451.
\MT@outer@space=\skip69
)
Package microtype Info: Loading configuration file microtype.cfg.
(c:/Users/roess/AppData/Roaming/TinyTeX/texmf-dist/tex/latex/microtype/microtype.cfg
File: microtype.cfg 2025/02/11 v3.2a microtype main configuration file (RS)
)
LaTeX Info: Redefining \microtypesetup on input line 3065.
) (c:/Users/roess/AppData/Roaming/TinyTeX/texmf-dist/tex/latex/xcolor/xcolor.sty
Package: xcolor 2024/09/29 v3.02 LaTeX color extensions (UK)
(c:/Users/roess/AppData/Roaming/TinyTeX/texmf-dist/tex/latex/graphics-cfg/color.cfg
File: color.cfg 2016/01/02 v1.6 sample color configuration
)
Package xcolor Info: Driver file: xetex.def on input line 274.
(c:/Users/roess/AppData/Roaming/TinyTeX/texmf-dist/tex/latex/graphics-def/xetex.def
File: xetex.def 2022/09/22 v5.0n Graphics/color driver for xetex
) (c:/Users/roess/AppData/Roaming/TinyTeX/texmf-dist/tex/latex/graphics/mathcolor.ltx)
Package xcolor Info: Model `cmy' substituted by `cmy0' on input line 1349.
Package xcolor Info: Model `RGB' extended on input line 1365.
Package xcolor Info: Model `HTML' substituted by `rgb' on input line 1367.
Package xcolor Info: Model `Hsb' substituted by `hsb' on input line 1368.
Package xcolor Info: Model `tHsb' substituted by `hsb' on input line 1369.
Package xcolor Info: Model `HSB' substituted by `hsb' on input line 1370.
Package xcolor Info: Model `Gray' substituted by `gray' on input line 1371.
Package xcolor Info: Model `wave' substituted by `hsb' on input line 1372.
) (c:/Users/roess/AppData/Roaming/TinyTeX/texmf-dist/tex/latex/graphics/dvipsnam.def
File: dvipsnam.def 2016/06/17 v3.0m Driver-dependent file (DPC,SPQR)
) (c:/Users/roess/AppData/Roaming/TinyTeX/texmf-dist/tex/latex/xcolor/svgnam.def
File: svgnam.def 2024/09/29 v3.02 Predefined colors according to SVG 1.1 (UK)
) (c:/Users/roess/AppData/Roaming/TinyTeX/texmf-dist/tex/latex/xcolor/x11nam.def
File: x11nam.def 2024/09/29 v3.02 Predefined colors according to Unix/X11 (UK)
) (c:/Users/roess/AppData/Roaming/TinyTeX/texmf-dist/tex/latex/fancyvrb/fancyvrb.sty
Package: fancyvrb 2024/01/20 4.5c verbatim text (tvz,hv)
\FV@CodeLineNo=\count300
\FV@InFile=\read2
\FV@TabBox=\box58
\c@FancyVerbLine=\count301
\FV@StepNumber=\count302
\FV@OutFile=\write3
) (c:/Users/roess/AppData/Roaming/TinyTeX/texmf-dist/tex/latex/framed/framed.sty
Package: framed 2011/10/22 v 0.96: framed or shaded text with page breaks
\OuterFrameSep=\skip70
\fb@frw=\dimen155
\fb@frh=\dimen156
\FrameRule=\dimen157
\FrameSep=\dimen158
) (c:/Users/roess/AppData/Roaming/TinyTeX/texmf-dist/tex/latex/tools/longtable.sty
Package: longtable 2024-10-27 v4.22 Multi-page Table package (DPC)
\LTleft=\skip71
\LTright=\skip72
\LTpre=\skip73
\LTpost=\skip74
\LTchunksize=\count303
\LTcapwidth=\dimen159
\LT@head=\box59
\LT@firsthead=\box60
\LT@foot=\box61
\LT@lastfoot=\box62
\LT@gbox=\box63
\LT@cols=\count304
\LT@rows=\count305
\c@LT@tables=\count306
\c@LT@chunks=\count307
\LT@p@ftn=\toks25
)
Class scrreprt Info: longtable captions redefined on input line 112.
(c:/Users/roess/AppData/Roaming/TinyTeX/texmf-dist/tex/latex/booktabs/booktabs.sty
Package: booktabs 2020/01/12 v1.61803398 Publication quality tables
\heavyrulewidth=\dimen160
\lightrulewidth=\dimen161
\cmidrulewidth=\dimen162
\belowrulesep=\dimen163
\belowbottomsep=\dimen164
\aboverulesep=\dimen165
\abovetopsep=\dimen166
\cmidrulesep=\dimen167
\cmidrulekern=\dimen168
\defaultaddspace=\dimen169
\@cmidla=\count308
\@cmidlb=\count309
\@aboverulesep=\dimen170
\@belowrulesep=\dimen171
\@thisruleclass=\count310
\@lastruleclass=\count311
\@thisrulewidth=\dimen172
) (c:/Users/roess/AppData/Roaming/TinyTeX/texmf-dist/tex/latex/tools/array.sty
Package: array 2024/10/17 v2.6g Tabular extension package (FMi)
\col@sep=\dimen173
\ar@mcellbox=\box64
\extrarowheight=\dimen174
\NC@list=\toks26
\extratabsurround=\skip75
\backup@length=\skip76
\ar@cellbox=\box65
) (c:/Users/roess/AppData/Roaming/TinyTeX/texmf-dist/tex/latex/tools/calc.sty
Package: calc 2023/07/08 v4.3 Infix arithmetic (KKT,FJ)
\calc@Acount=\count312
\calc@Bcount=\count313
\calc@Adimen=\dimen175
\calc@Bdimen=\dimen176
\calc@Askip=\skip77
\calc@Bskip=\skip78
LaTeX Info: Redefining \setlength on input line 80.
LaTeX Info: Redefining \addtolength on input line 81.
\calc@Ccount=\count314
\calc@Cskip=\skip79
) (c:/Users/roess/AppData/Roaming/TinyTeX/texmf-dist/tex/latex/mdwtools/footnote.sty
Package: footnote 1997/01/28 1.13 Save footnotes around boxes
\fn@notes=\box66
\fn@width=\dimen177
) (c:/Users/roess/AppData/Roaming/TinyTeX/texmf-dist/tex/latex/graphics/graphicx.sty
Package: graphicx 2021/09/16 v1.2d Enhanced LaTeX Graphics (DPC,SPQR)
(c:/Users/roess/AppData/Roaming/TinyTeX/texmf-dist/tex/latex/graphics/graphics.sty
Package: graphics 2024/08/06 v1.4g Standard LaTeX Graphics (DPC,SPQR)
(c:/Users/roess/AppData/Roaming/TinyTeX/texmf-dist/tex/latex/graphics/trig.sty
Package: trig 2023/12/02 v1.11 sin cos tan (DPC)
) (c:/Users/roess/AppData/Roaming/TinyTeX/texmf-dist/tex/latex/graphics-cfg/graphics.cfg
File: graphics.cfg 2016/06/04 v1.11 sample graphics configuration
)
Package graphics Info: Driver file: xetex.def on input line 106.
)
\Gin@req@height=\dimen178
\Gin@req@width=\dimen179
)
\pandoc@box=\box67
\cslhangindent=\skip80
\csllabelwidth=\skip81
(c:/Users/roess/AppData/Roaming/TinyTeX/texmf-dist/tex/latex/tcolorbox/tcolorbox.sty
Package: tcolorbox 2024/10/22 version 6.4.1 text color boxes
(c:/Users/roess/AppData/Roaming/TinyTeX/texmf-dist/tex/latex/pgf/frontendlayer/tikz.sty (c:/Users/roess/AppData/Roaming/TinyTeX/texmf-dist/tex/latex/pgf/basiclayer/pgf.sty (c:/Users/roess/AppData/Roaming/TinyTeX/texmf-dist/tex/latex/pgf/utilities/pgfrcs.sty (c:/Users/roess/AppData/Roaming/TinyTeX/texmf-dist/tex/generic/pgf/utilities/pgfutil-common.tex
\pgfutil@everybye=\toks27
\pgfutil@tempdima=\dimen180
\pgfutil@tempdimb=\dimen181
) (c:/Users/roess/AppData/Roaming/TinyTeX/texmf-dist/tex/generic/pgf/utilities/pgfutil-latex.def
\pgfutil@abb=\box68
) (c:/Users/roess/AppData/Roaming/TinyTeX/texmf-dist/tex/generic/pgf/utilities/pgfrcs.code.tex (c:/Users/roess/AppData/Roaming/TinyTeX/texmf-dist/tex/generic/pgf/pgf.revision.tex)
Package: pgfrcs 2023-01-15 v3.1.10 (3.1.10)
))
Package: pgf 2023-01-15 v3.1.10 (3.1.10)
(c:/Users/roess/AppData/Roaming/TinyTeX/texmf-dist/tex/latex/pgf/basiclayer/pgfcore.sty (c:/Users/roess/AppData/Roaming/TinyTeX/texmf-dist/tex/latex/pgf/systemlayer/pgfsys.sty (c:/Users/roess/AppData/Roaming/TinyTeX/texmf-dist/tex/generic/pgf/systemlayer/pgfsys.code.tex
Package: pgfsys 2023-01-15 v3.1.10 (3.1.10)
(c:/Users/roess/AppData/Roaming/TinyTeX/texmf-dist/tex/generic/pgf/utilities/pgfkeys.code.tex
\pgfkeys@pathtoks=\toks28
\pgfkeys@temptoks=\toks29
(c:/Users/roess/AppData/Roaming/TinyTeX/texmf-dist/tex/generic/pgf/utilities/pgfkeyslibraryfiltered.code.tex
\pgfkeys@tmptoks=\toks30
))
\pgf@x=\dimen182
\pgf@y=\dimen183
\pgf@xa=\dimen184
\pgf@ya=\dimen185
\pgf@xb=\dimen186
\pgf@yb=\dimen187
\pgf@xc=\dimen188
\pgf@yc=\dimen189
\pgf@xd=\dimen190
\pgf@yd=\dimen191
\w@pgf@writea=\write4
\r@pgf@reada=\read3
\c@pgf@counta=\count315
\c@pgf@countb=\count316
\c@pgf@countc=\count317
\c@pgf@countd=\count318
\t@pgf@toka=\toks31
\t@pgf@tokb=\toks32
\t@pgf@tokc=\toks33
\pgf@sys@id@count=\count319
(c:/Users/roess/AppData/Roaming/TinyTeX/texmf-dist/tex/generic/pgf/systemlayer/pgf.cfg
File: pgf.cfg 2023-01-15 v3.1.10 (3.1.10)
)
Driver file for pgf: pgfsys-xetex.def
(c:/Users/roess/AppData/Roaming/TinyTeX/texmf-dist/tex/generic/pgf/systemlayer/pgfsys-xetex.def
File: pgfsys-xetex.def 2023-01-15 v3.1.10 (3.1.10)
(c:/Users/roess/AppData/Roaming/TinyTeX/texmf-dist/tex/generic/pgf/systemlayer/pgfsys-dvipdfmx.def
File: pgfsys-dvipdfmx.def 2023-01-15 v3.1.10 (3.1.10)
(c:/Users/roess/AppData/Roaming/TinyTeX/texmf-dist/tex/generic/pgf/systemlayer/pgfsys-common-pdf.def
File: pgfsys-common-pdf.def 2023-01-15 v3.1.10 (3.1.10)
)
\pgfsys@objnum=\count320
))) (c:/Users/roess/AppData/Roaming/TinyTeX/texmf-dist/tex/generic/pgf/systemlayer/pgfsyssoftpath.code.tex
File: pgfsyssoftpath.code.tex 2023-01-15 v3.1.10 (3.1.10)
\pgfsyssoftpath@smallbuffer@items=\count321
\pgfsyssoftpath@bigbuffer@items=\count322
) (c:/Users/roess/AppData/Roaming/TinyTeX/texmf-dist/tex/generic/pgf/systemlayer/pgfsysprotocol.code.tex
File: pgfsysprotocol.code.tex 2023-01-15 v3.1.10 (3.1.10)
)) (c:/Users/roess/AppData/Roaming/TinyTeX/texmf-dist/tex/generic/pgf/basiclayer/pgfcore.code.tex
Package: pgfcore 2023-01-15 v3.1.10 (3.1.10)
(c:/Users/roess/AppData/Roaming/TinyTeX/texmf-dist/tex/generic/pgf/math/pgfmath.code.tex (c:/Users/roess/AppData/Roaming/TinyTeX/texmf-dist/tex/generic/pgf/math/pgfmathutil.code.tex) (c:/Users/roess/AppData/Roaming/TinyTeX/texmf-dist/tex/generic/pgf/math/pgfmathparser.code.tex
\pgfmath@dimen=\dimen192
\pgfmath@count=\count323
\pgfmath@box=\box69
\pgfmath@toks=\toks34
\pgfmath@stack@operand=\toks35
\pgfmath@stack@operation=\toks36
) (c:/Users/roess/AppData/Roaming/TinyTeX/texmf-dist/tex/generic/pgf/math/pgfmathfunctions.code.tex) (c:/Users/roess/AppData/Roaming/TinyTeX/texmf-dist/tex/generic/pgf/math/pgfmathfunctions.basic.code.tex) (c:/Users/roess/AppData/Roaming/TinyTeX/texmf-dist/tex/generic/pgf/math/pgfmathfunctions.trigonometric.code.tex) (c:/Users/roess/AppData/Roaming/TinyTeX/texmf-dist/tex/generic/pgf/math/pgfmathfunctions.random.code.tex) (c:/Users/roess/AppData/Roaming/TinyTeX/texmf-dist/tex/generic/pgf/math/pgfmathfunctions.comparison.code.tex) (c:/Users/roess/AppData/Roaming/TinyTeX/texmf-dist/tex/generic/pgf/math/pgfmathfunctions.base.code.tex) (c:/Users/roess/AppData/Roaming/TinyTeX/texmf-dist/tex/generic/pgf/math/pgfmathfunctions.round.code.tex) (c:/Users/roess/AppData/Roaming/TinyTeX/texmf-dist/tex/generic/pgf/math/pgfmathfunctions.misc.code.tex) (c:/Users/roess/AppData/Roaming/TinyTeX/texmf-dist/tex/generic/pgf/math/pgfmathfunctions.integerarithmetics.code.tex) (c:/Users/roess/AppData/Roaming/TinyTeX/texmf-dist/tex/generic/pgf/math/pgfmathcalc.code.tex) (c:/Users/roess/AppData/Roaming/TinyTeX/texmf-dist/tex/generic/pgf/math/pgfmathfloat.code.tex
\c@pgfmathroundto@lastzeros=\count324
)) (c:/Users/roess/AppData/Roaming/TinyTeX/texmf-dist/tex/generic/pgf/math/pgfint.code.tex) (c:/Users/roess/AppData/Roaming/TinyTeX/texmf-dist/tex/generic/pgf/basiclayer/pgfcorepoints.code.tex
File: pgfcorepoints.code.tex 2023-01-15 v3.1.10 (3.1.10)
\pgf@picminx=\dimen193
\pgf@picmaxx=\dimen194
\pgf@picminy=\dimen195
\pgf@picmaxy=\dimen196
\pgf@pathminx=\dimen197
\pgf@pathmaxx=\dimen198
\pgf@pathminy=\dimen199
\pgf@pathmaxy=\dimen256
\pgf@xx=\dimen257
\pgf@xy=\dimen258
\pgf@yx=\dimen259
\pgf@yy=\dimen260
\pgf@zx=\dimen261
\pgf@zy=\dimen262
) (c:/Users/roess/AppData/Roaming/TinyTeX/texmf-dist/tex/generic/pgf/basiclayer/pgfcorepathconstruct.code.tex
File: pgfcorepathconstruct.code.tex 2023-01-15 v3.1.10 (3.1.10)
\pgf@path@lastx=\dimen263
\pgf@path@lasty=\dimen264
) (c:/Users/roess/AppData/Roaming/TinyTeX/texmf-dist/tex/generic/pgf/basiclayer/pgfcorepathusage.code.tex
File: pgfcorepathusage.code.tex 2023-01-15 v3.1.10 (3.1.10)
\pgf@shorten@end@additional=\dimen265
\pgf@shorten@start@additional=\dimen266
) (c:/Users/roess/AppData/Roaming/TinyTeX/texmf-dist/tex/generic/pgf/basiclayer/pgfcorescopes.code.tex
File: pgfcorescopes.code.tex 2023-01-15 v3.1.10 (3.1.10)
\pgfpic=\box70
\pgf@hbox=\box71
\pgf@layerbox@main=\box72
\pgf@picture@serial@count=\count325
) (c:/Users/roess/AppData/Roaming/TinyTeX/texmf-dist/tex/generic/pgf/basiclayer/pgfcoregraphicstate.code.tex
File: pgfcoregraphicstate.code.tex 2023-01-15 v3.1.10 (3.1.10)
\pgflinewidth=\dimen267
) (c:/Users/roess/AppData/Roaming/TinyTeX/texmf-dist/tex/generic/pgf/basiclayer/pgfcoretransformations.code.tex
File: pgfcoretransformations.code.tex 2023-01-15 v3.1.10 (3.1.10)
\pgf@pt@x=\dimen268
\pgf@pt@y=\dimen269
\pgf@pt@temp=\dimen270
) (c:/Users/roess/AppData/Roaming/TinyTeX/texmf-dist/tex/generic/pgf/basiclayer/pgfcorequick.code.tex
File: pgfcorequick.code.tex 2023-01-15 v3.1.10 (3.1.10)
) (c:/Users/roess/AppData/Roaming/TinyTeX/texmf-dist/tex/generic/pgf/basiclayer/pgfcoreobjects.code.tex
File: pgfcoreobjects.code.tex 2023-01-15 v3.1.10 (3.1.10)
) (c:/Users/roess/AppData/Roaming/TinyTeX/texmf-dist/tex/generic/pgf/basiclayer/pgfcorepathprocessing.code.tex
File: pgfcorepathprocessing.code.tex 2023-01-15 v3.1.10 (3.1.10)
) (c:/Users/roess/AppData/Roaming/TinyTeX/texmf-dist/tex/generic/pgf/basiclayer/pgfcorearrows.code.tex
File: pgfcorearrows.code.tex 2023-01-15 v3.1.10 (3.1.10)
\pgfarrowsep=\dimen271
) (c:/Users/roess/AppData/Roaming/TinyTeX/texmf-dist/tex/generic/pgf/basiclayer/pgfcoreshade.code.tex
File: pgfcoreshade.code.tex 2023-01-15 v3.1.10 (3.1.10)
\pgf@max=\dimen272
\pgf@sys@shading@range@num=\count326
\pgf@shadingcount=\count327
) (c:/Users/roess/AppData/Roaming/TinyTeX/texmf-dist/tex/generic/pgf/basiclayer/pgfcoreimage.code.tex
File: pgfcoreimage.code.tex 2023-01-15 v3.1.10 (3.1.10)
) (c:/Users/roess/AppData/Roaming/TinyTeX/texmf-dist/tex/generic/pgf/basiclayer/pgfcoreexternal.code.tex
File: pgfcoreexternal.code.tex 2023-01-15 v3.1.10 (3.1.10)
\pgfexternal@startupbox=\box73
) (c:/Users/roess/AppData/Roaming/TinyTeX/texmf-dist/tex/generic/pgf/basiclayer/pgfcorelayers.code.tex
File: pgfcorelayers.code.tex 2023-01-15 v3.1.10 (3.1.10)
) (c:/Users/roess/AppData/Roaming/TinyTeX/texmf-dist/tex/generic/pgf/basiclayer/pgfcoretransparency.code.tex
File: pgfcoretransparency.code.tex 2023-01-15 v3.1.10 (3.1.10)
) (c:/Users/roess/AppData/Roaming/TinyTeX/texmf-dist/tex/generic/pgf/basiclayer/pgfcorepatterns.code.tex
File: pgfcorepatterns.code.tex 2023-01-15 v3.1.10 (3.1.10)
) (c:/Users/roess/AppData/Roaming/TinyTeX/texmf-dist/tex/generic/pgf/basiclayer/pgfcorerdf.code.tex
File: pgfcorerdf.code.tex 2023-01-15 v3.1.10 (3.1.10)
))) (c:/Users/roess/AppData/Roaming/TinyTeX/texmf-dist/tex/generic/pgf/modules/pgfmoduleshapes.code.tex
File: pgfmoduleshapes.code.tex 2023-01-15 v3.1.10 (3.1.10)
\pgfnodeparttextbox=\box74
) (c:/Users/roess/AppData/Roaming/TinyTeX/texmf-dist/tex/generic/pgf/modules/pgfmoduleplot.code.tex
File: pgfmoduleplot.code.tex 2023-01-15 v3.1.10 (3.1.10)
) (c:/Users/roess/AppData/Roaming/TinyTeX/texmf-dist/tex/latex/pgf/compatibility/pgfcomp-version-0-65.sty
Package: pgfcomp-version-0-65 2023-01-15 v3.1.10 (3.1.10)
\pgf@nodesepstart=\dimen273
\pgf@nodesepend=\dimen274
) (c:/Users/roess/AppData/Roaming/TinyTeX/texmf-dist/tex/latex/pgf/compatibility/pgfcomp-version-1-18.sty
Package: pgfcomp-version-1-18 2023-01-15 v3.1.10 (3.1.10)
)) (c:/Users/roess/AppData/Roaming/TinyTeX/texmf-dist/tex/latex/pgf/utilities/pgffor.sty (c:/Users/roess/AppData/Roaming/TinyTeX/texmf-dist/tex/latex/pgf/utilities/pgfkeys.sty (c:/Users/roess/AppData/Roaming/TinyTeX/texmf-dist/tex/generic/pgf/utilities/pgfkeys.code.tex)) (c:/Users/roess/AppData/Roaming/TinyTeX/texmf-dist/tex/latex/pgf/math/pgfmath.sty (c:/Users/roess/AppData/Roaming/TinyTeX/texmf-dist/tex/generic/pgf/math/pgfmath.code.tex)) (c:/Users/roess/AppData/Roaming/TinyTeX/texmf-dist/tex/generic/pgf/utilities/pgffor.code.tex
Package: pgffor 2023-01-15 v3.1.10 (3.1.10)
\pgffor@iter=\dimen275
\pgffor@skip=\dimen276
\pgffor@stack=\toks37
\pgffor@toks=\toks38
)) (c:/Users/roess/AppData/Roaming/TinyTeX/texmf-dist/tex/generic/pgf/frontendlayer/tikz/tikz.code.tex
Package: tikz 2023-01-15 v3.1.10 (3.1.10)
(c:/Users/roess/AppData/Roaming/TinyTeX/texmf-dist/tex/generic/pgf/libraries/pgflibraryplothandlers.code.tex
File: pgflibraryplothandlers.code.tex 2023-01-15 v3.1.10 (3.1.10)
\pgf@plot@mark@count=\count328
\pgfplotmarksize=\dimen277
)
\tikz@lastx=\dimen278
\tikz@lasty=\dimen279
\tikz@lastxsaved=\dimen280
\tikz@lastysaved=\dimen281
\tikz@lastmovetox=\dimen282
\tikz@lastmovetoy=\dimen283
\tikzleveldistance=\dimen284
\tikzsiblingdistance=\dimen285
\tikz@figbox=\box75
\tikz@figbox@bg=\box76
\tikz@tempbox=\box77
\tikz@tempbox@bg=\box78
\tikztreelevel=\count329
\tikznumberofchildren=\count330
\tikznumberofcurrentchild=\count331
\tikz@fig@count=\count332
(c:/Users/roess/AppData/Roaming/TinyTeX/texmf-dist/tex/generic/pgf/modules/pgfmodulematrix.code.tex
File: pgfmodulematrix.code.tex 2023-01-15 v3.1.10 (3.1.10)
\pgfmatrixcurrentrow=\count333
\pgfmatrixcurrentcolumn=\count334
\pgf@matrix@numberofcolumns=\count335
)
\tikz@expandcount=\count336
(c:/Users/roess/AppData/Roaming/TinyTeX/texmf-dist/tex/generic/pgf/frontendlayer/tikz/libraries/tikzlibrarytopaths.code.tex
File: tikzlibrarytopaths.code.tex 2023-01-15 v3.1.10 (3.1.10)
))) (c:/Users/roess/AppData/Roaming/TinyTeX/texmf-dist/tex/latex/tools/verbatim.sty
Package: verbatim 2024-01-22 v1.5x LaTeX2e package for verbatim enhancements
\every@verbatim=\toks39
\verbatim@line=\toks40
\verbatim@in@stream=\read4
) (c:/Users/roess/AppData/Roaming/TinyTeX/texmf-dist/tex/latex/environ/environ.sty
Package: environ 2014/05/04 v0.3 A new way to define environments
(c:/Users/roess/AppData/Roaming/TinyTeX/texmf-dist/tex/latex/trimspaces/trimspaces.sty
Package: trimspaces 2009/09/17 v1.1 Trim spaces around a token list
))
\tcb@titlebox=\box79
\tcb@upperbox=\box80
\tcb@lowerbox=\box81
\tcb@phantombox=\box82
\c@tcbbreakpart=\count337
\c@tcblayer=\count338
\c@tcolorbox@number=\count339
\l__tcobox_tmpa_box=\box83
\l__tcobox_tmpa_dim=\dimen286
\tcb@temp=\box84
\tcb@temp=\box85
\tcb@temp=\box86
\tcb@temp=\box87
(c:/Users/roess/AppData/Roaming/TinyTeX/texmf-dist/tex/latex/tcolorbox/tcbskins.code.tex
Library (tcolorbox): 'tcbskins.code.tex' version '6.4.1'
(c:/Users/roess/AppData/Roaming/TinyTeX/texmf-dist/tex/latex/tikzfill/tikzfill.image.sty
Package: tikzfill.image 2023/08/08 v1.0.1 Image filling library for TikZ
(c:/Users/roess/AppData/Roaming/TinyTeX/texmf-dist/tex/latex/tikzfill/tikzfill-common.sty
Package: tikzfill-common 2023/08/08 v1.0.1 Auxiliary code for tikzfill
) (c:/Users/roess/AppData/Roaming/TinyTeX/texmf-dist/tex/latex/tikzfill/tikzlibraryfill.image.code.tex
File: tikzlibraryfill.image.code.tex 2023/08/08 v1.0.1 Image filling library
\l__tikzfill_img_box=\box88
)) (c:/Users/roess/AppData/Roaming/TinyTeX/texmf-dist/tex/latex/tcolorbox/tcbskinsjigsaw.code.tex
Library (tcolorbox): 'tcbskinsjigsaw.code.tex' version '6.4.1'
)) (c:/Users/roess/AppData/Roaming/TinyTeX/texmf-dist/tex/latex/tcolorbox/tcbbreakable.code.tex
Library (tcolorbox): 'tcbbreakable.code.tex' version '6.4.1'
(c:/Users/roess/AppData/Roaming/TinyTeX/texmf-dist/tex/latex/pdfcol/pdfcol.sty
Package: pdfcol 2022-09-21 v1.7 Handle new color stacks for pdfTeX (HO)
(c:/Users/roess/AppData/Roaming/TinyTeX/texmf-dist/tex/generic/ltxcmds/ltxcmds.sty
Package: ltxcmds 2023-12-04 v1.26 LaTeX kernel commands for general use (HO)
) (c:/Users/roess/AppData/Roaming/TinyTeX/texmf-dist/tex/generic/infwarerr/infwarerr.sty
Package: infwarerr 2019/12/03 v1.5 Providing info/warning/error messages (HO)
)
Package pdfcol Info: Interface disabled because of missing PDF mode of pdfTeX.
)
Package pdfcol Info: pdfTeX's color stacks are not available.
\tcb@testbox=\box89
\tcb@totalupperbox=\box90
\tcb@totallowerbox=\box91
)) (c:/Users/roess/AppData/Roaming/TinyTeX/texmf-dist/tex/latex/fontawesome5/fontawesome5.sty
Package: fontawesome5 2022/05/02 v5.15.4 Font Awesome 5
(c:/Users/roess/AppData/Roaming/TinyTeX/texmf-dist/tex/latex/fontawesome5/fontawesome5-utex-helper.sty
Package: fontawesome5-utex-helper 2022/05/02 v5.15.4 uTeX helper for fontawesome5
LaTeX Font Info:    Trying to load font information for TU+fontawesomefree on input line 69.
(c:/Users/roess/AppData/Roaming/TinyTeX/texmf-dist/tex/latex/fontawesome5/tufontawesomefree.fd)
LaTeX Font Info:    Trying to load font information for TU+fontawesomebrands on input line 70.
(c:/Users/roess/AppData/Roaming/TinyTeX/texmf-dist/tex/latex/fontawesome5/tufontawesomebrands.fd))) (c:/Users/roess/AppData/Roaming/TinyTeX/texmf-dist/tex/latex/bookmark/bookmark.sty
Package: bookmark 2023-12-10 v1.31 PDF bookmarks (HO)
(c:/Users/roess/AppData/Roaming/TinyTeX/texmf-dist/tex/latex/hyperref/hyperref.sty
Package: hyperref 2024-11-05 v7.01l Hypertext links for LaTeX
(c:/Users/roess/AppData/Roaming/TinyTeX/texmf-dist/tex/latex/kvsetkeys/kvsetkeys.sty
Package: kvsetkeys 2022-10-05 v1.19 Key value parser (HO)
) (c:/Users/roess/AppData/Roaming/TinyTeX/texmf-dist/tex/generic/kvdefinekeys/kvdefinekeys.sty
Package: kvdefinekeys 2019-12-19 v1.6 Define keys (HO)
) (c:/Users/roess/AppData/Roaming/TinyTeX/texmf-dist/tex/generic/pdfescape/pdfescape.sty
Package: pdfescape 2019/12/09 v1.15 Implements pdfTeX's escape features (HO)
(c:/Users/roess/AppData/Roaming/TinyTeX/texmf-dist/tex/generic/pdftexcmds/pdftexcmds.sty
Package: pdftexcmds 2020-06-27 v0.33 Utility functions of pdfTeX for LuaTeX (HO)
Package pdftexcmds Info: \pdf@primitive is available.
Package pdftexcmds Info: \pdf@ifprimitive is available.
Package pdftexcmds Info: \pdfdraftmode not found.
)) (c:/Users/roess/AppData/Roaming/TinyTeX/texmf-dist/tex/latex/hycolor/hycolor.sty
Package: hycolor 2020-01-27 v1.10 Color options for hyperref/bookmark (HO)
) (c:/Users/roess/AppData/Roaming/TinyTeX/texmf-dist/tex/latex/hyperref/nameref.sty
Package: nameref 2023-11-26 v2.56 Cross-referencing by name of section
(c:/Users/roess/AppData/Roaming/TinyTeX/texmf-dist/tex/latex/refcount/refcount.sty
Package: refcount 2019/12/15 v3.6 Data extraction from label references (HO)
) (c:/Users/roess/AppData/Roaming/TinyTeX/texmf-dist/tex/generic/gettitlestring/gettitlestring.sty
Package: gettitlestring 2019/12/15 v1.6 Cleanup title references (HO)
(c:/Users/roess/AppData/Roaming/TinyTeX/texmf-dist/tex/latex/kvoptions/kvoptions.sty
Package: kvoptions 2022-06-15 v3.15 Key value format for package options (HO)
))
\c@section@level=\count340
) (c:/Users/roess/AppData/Roaming/TinyTeX/texmf-dist/tex/generic/stringenc/stringenc.sty
Package: stringenc 2019/11/29 v1.12 Convert strings between diff. encodings (HO)
)
\@linkdim=\dimen287
\Hy@linkcounter=\count341
\Hy@pagecounter=\count342
(c:/Users/roess/AppData/Roaming/TinyTeX/texmf-dist/tex/latex/hyperref/pd1enc.def
File: pd1enc.def 2024-11-05 v7.01l Hyperref: PDFDocEncoding definition (HO)
) (c:/Users/roess/AppData/Roaming/TinyTeX/texmf-dist/tex/generic/intcalc/intcalc.sty
Package: intcalc 2019/12/15 v1.3 Expandable calculations with integers (HO)
)
\Hy@SavedSpaceFactor=\count343
(c:/Users/roess/AppData/Roaming/TinyTeX/texmf-dist/tex/latex/hyperref/puenc.def
File: puenc.def 2024-11-05 v7.01l Hyperref: PDF Unicode definition (HO)
)
Package hyperref Info: Option `unicode' set `true' on input line 4040.
Package hyperref Info: Hyper figures OFF on input line 4157.
Package hyperref Info: Link nesting OFF on input line 4162.
Package hyperref Info: Hyper index ON on input line 4165.
Package hyperref Info: Plain pages OFF on input line 4172.
Package hyperref Info: Backreferencing OFF on input line 4177.
Package hyperref Info: Implicit mode ON; LaTeX internals redefined.
Package hyperref Info: Bookmarks ON on input line 4424.
\c@Hy@tempcnt=\count344
(c:/Users/roess/AppData/Roaming/TinyTeX/texmf-dist/tex/latex/url/url.sty
\Urlmuskip=\muskip19
Package: url 2013/09/16  ver 3.4  Verb mode for urls, etc.
)
LaTeX Info: Redefining \url on input line 4763.
\XeTeXLinkMargin=\dimen288
(c:/Users/roess/AppData/Roaming/TinyTeX/texmf-dist/tex/generic/bitset/bitset.sty
Package: bitset 2019/12/09 v1.3 Handle bit-vector datatype (HO)
(c:/Users/roess/AppData/Roaming/TinyTeX/texmf-dist/tex/generic/bigintcalc/bigintcalc.sty
Package: bigintcalc 2019/12/15 v1.5 Expandable calculations on big integers (HO)
))
\Fld@menulength=\count345
\Field@Width=\dimen289
\Fld@charsize=\dimen290
Package hyperref Info: Hyper figures OFF on input line 6042.
Package hyperref Info: Link nesting OFF on input line 6047.
Package hyperref Info: Hyper index ON on input line 6050.
Package hyperref Info: backreferencing OFF on input line 6057.
Package hyperref Info: Link coloring OFF on input line 6062.
Package hyperref Info: Link coloring with OCG OFF on input line 6067.
Package hyperref Info: PDF/A mode OFF on input line 6072.
(c:/Users/roess/AppData/Roaming/TinyTeX/texmf-dist/tex/latex/base/atbegshi-ltx.sty
Package: atbegshi-ltx 2021/01/10 v1.0c Emulation of the original atbegshi
package with kernel methods
)
\Hy@abspage=\count346
\c@Item=\count347
\c@Hfootnote=\count348
)
Package hyperref Info: Driver (autodetected): hxetex.
(c:/Users/roess/AppData/Roaming/TinyTeX/texmf-dist/tex/latex/hyperref/hxetex.def
File: hxetex.def 2024-11-05 v7.01l Hyperref driver for XeTeX
\pdfm@box=\box92
\c@Hy@AnnotLevel=\count349
\HyField@AnnotCount=\count350
\Fld@listcount=\count351
\c@bookmark@seq@number=\count352
(c:/Users/roess/AppData/Roaming/TinyTeX/texmf-dist/tex/latex/rerunfilecheck/rerunfilecheck.sty
Package: rerunfilecheck 2022-07-10 v1.10 Rerun checks for auxiliary files (HO)
(c:/Users/roess/AppData/Roaming/TinyTeX/texmf-dist/tex/latex/base/atveryend-ltx.sty
Package: atveryend-ltx 2020/08/19 v1.0a Emulation of the original atveryend package
with kernel methods
) (c:/Users/roess/AppData/Roaming/TinyTeX/texmf-dist/tex/generic/uniquecounter/uniquecounter.sty
Package: uniquecounter 2019/12/15 v1.4 Provide unlimited unique counter (HO)
)
Package uniquecounter Info: New unique counter `rerunfilecheck' on input line 285.
)
\Hy@SectionHShift=\skip82
) (c:/Users/roess/AppData/Roaming/TinyTeX/texmf-dist/tex/latex/bookmark/bkm-dvipdfm.def
File: bkm-dvipdfm.def 2023-12-10 v1.31 bookmark driver for dvipdfm (HO)
\BKM@id=\count353
)) (c:/Users/roess/AppData/Roaming/TinyTeX/texmf-dist/tex/latex/caption/caption.sty
Package: caption 2023/08/05 v3.6o Customizing captions (AR)
(c:/Users/roess/AppData/Roaming/TinyTeX/texmf-dist/tex/latex/caption/caption3.sty
Package: caption3 2023/07/31 v2.4d caption3 kernel (AR)
\caption@tempdima=\dimen291
\captionmargin=\dimen292
\caption@leftmargin=\dimen293
\caption@rightmargin=\dimen294
\caption@width=\dimen295
\caption@indent=\dimen296
\caption@parindent=\dimen297
\caption@hangindent=\dimen298
Package caption Info: KOMA-Script document class detected.
(c:/Users/roess/AppData/Roaming/TinyTeX/texmf-dist/tex/latex/caption/caption-koma.sto
File: caption-koma.sto 2023/09/08 v2.0e Adaption of the caption package to the KOMA-Script document classes (AR)
))
\c@caption@flags=\count354
\c@continuedfloat=\count355
Package caption Info: hyperref package is loaded.
Package caption Info: longtable package is loaded.
(c:/Users/roess/AppData/Roaming/TinyTeX/texmf-dist/tex/latex/caption/ltcaption.sty
Package: ltcaption 2021/01/08 v1.4c longtable captions (AR)
)
Package caption Info: KOMA-Script scrextend package detected.
\caption@addmargin@hsize=\dimen299
\caption@addmargin@linewidth=\dimen300
) (c:/Users/roess/AppData/Roaming/TinyTeX/texmf-dist/tex/latex/float/float.sty
Package: float 2001/11/08 v1.3d Float enhancements (AL)
\c@float@type=\count356
\float@exts=\toks41
\float@box=\box93
\@float@everytoks=\toks42
\@floatcapt=\box94
)
\@float@every@codelisting=\toks43
\c@codelisting=\count357
(c:/Users/roess/AppData/Roaming/TinyTeX/texmf-dist/tex/latex/caption/subcaption.sty
Package: subcaption 2023/07/28 v1.6b Sub-captions (AR)
Package caption Info: New subtype `subfigure' on input line 238.
\c@subfigure=\count358
Package caption Info: New subtype `subtable' on input line 238.
\c@subtable=\count359
)
Package hyperref Info: Option `colorlinks' set `true' on input line 244.
No file index.aux.
\openout1 = `index.aux'.

LaTeX Font Info:    Checking defaults for OML/cmm/m/it on input line 251.
LaTeX Font Info:    ... okay on input line 251.
LaTeX Font Info:    Checking defaults for OMS/cmsy/m/n on input line 251.
LaTeX Font Info:    ... okay on input line 251.
LaTeX Font Info:    Checking defaults for OT1/cmr/m/n on input line 251.
LaTeX Font Info:    ... okay on input line 251.
LaTeX Font Info:    Checking defaults for T1/cmr/m/n on input line 251.
LaTeX Font Info:    ... okay on input line 251.
LaTeX Font Info:    Checking defaults for TS1/cmr/m/n on input line 251.
LaTeX Font Info:    ... okay on input line 251.
LaTeX Font Info:    Checking defaults for TU/lmr/m/n on input line 251.
LaTeX Font Info:    ... okay on input line 251.
LaTeX Font Info:    Checking defaults for OMX/cmex/m/n on input line 251.
LaTeX Font Info:    ... okay on input line 251.
LaTeX Font Info:    Checking defaults for U/cmr/m/n on input line 251.
LaTeX Font Info:    ... okay on input line 251.
LaTeX Font Info:    Checking defaults for PD1/pdf/m/n on input line 251.
LaTeX Font Info:    ... okay on input line 251.
LaTeX Font Info:    Checking defaults for PU/pdf/m/n on input line 251.
LaTeX Font Info:    ... okay on input line 251.
Package scrbase Info: activating english \abstractname on input line 251.
Package scrbase Info: activating english \partname on input line 251.
Package scrbase Info: activating english \chaptername on input line 251.
Package scrbase Info: activating english \appendixname on input line 251.
Package scrbase Info: activating english \figurename on input line 251.
Package scrbase Info: activating english \tablename on input line 251.
Package scrbase Info: activating english \contentsname on input line 251.
Package scrbase Info: activating english \listfigurename on input line 251.
Package scrbase Info: activating english \listtablename on input line 251.
Package scrbase Info: activating english \bibname on input line 251.
Package scrbase Info: activating english \indexname on input line 251.
LaTeX Font Info:    Overwriting math alphabet `\mathrm' in version `normal'
(Font)                  OT1/lmr/m/n --> TU/lmr/m/n on input line 251.
LaTeX Font Info:    Overwriting math alphabet `\mathit' in version `normal'
(Font)                  OT1/lmr/m/it --> TU/lmr/m/it on input line 251.
LaTeX Font Info:    Overwriting math alphabet `\mathbf' in version `normal'
(Font)                  OT1/lmr/bx/n --> TU/lmr/bx/n on input line 251.
LaTeX Font Info:    Overwriting math alphabet `\mathsf' in version `normal'
(Font)                  OT1/lmss/m/n --> TU/lmss/m/n on input line 251.
LaTeX Font Info:    Overwriting math alphabet `\mathsf' in version `bold'
(Font)                  OT1/lmss/bx/n --> TU/lmss/bx/n on input line 251.
LaTeX Font Info:    Overwriting math alphabet `\mathtt' in version `normal'
(Font)                  OT1/lmtt/m/n --> TU/lmtt/m/n on input line 251.
LaTeX Font Info:    Overwriting math alphabet `\mathtt' in version `bold'
(Font)                  OT1/lmtt/m/n --> TU/lmtt/bx/n on input line 251.

Package fontspec Info: 
(fontspec)             latinmodern-math scale = 0.9999967668407183.


Package fontspec Info: 
(fontspec)             latinmodern-math scale = 0.9999967668407183.


Package fontspec Info: 
(fontspec)             latinmodern-math scale = 0.9999967668407183.


Package fontspec Info: 
(fontspec)             Font family 'latinmodern-math.otf(0)' created for font
(fontspec)             'latinmodern-math.otf' with options
(fontspec)             [Scale=MatchLowercase,BoldItalicFont={},ItalicFont={},SmallCapsFont={},Script=Math,BoldFont={latinmodern-math.otf}].
(fontspec)              
(fontspec)              This font family consists of the following NFSS
(fontspec)             series/shapes:
(fontspec)              
(fontspec)             - 'normal' (m/n) with NFSS spec.:
(fontspec)             <->s*[0.9999967668407183]"[latinmodern-math.otf]/OT:script=math;language=dflt;"
(fontspec)             - 'bold' (b/n) with NFSS spec.:
(fontspec)             <->s*[0.9999967668407183]"[latinmodern-math.otf]/OT:script=math;language=dflt;"

LaTeX Font Info:    Font shape `TU/latinmodern-math.otf(0)/m/n' will be
(Font)              scaled to size 10.95pt on input line 251.

Package fontspec Info: 
(fontspec)             latinmodern-math scale = 0.9999967668407183.


Package fontspec Info: 
(fontspec)             latinmodern-math scale = 0.9999967668407183.


Package fontspec Info: 
(fontspec)             latinmodern-math scale = 0.9999967668407183.


Package fontspec Info: 
(fontspec)             latinmodern-math scale = 0.9999967668407183.


Package fontspec Info: 
(fontspec)             latinmodern-math scale = 0.9999967668407183.


Package fontspec Info: 
(fontspec)             Font family 'latinmodern-math.otf(1)' created for font
(fontspec)             'latinmodern-math.otf' with options
(fontspec)             [Scale=MatchLowercase,BoldItalicFont={},ItalicFont={},SmallCapsFont={},Script=Math,SizeFeatures={{Size=9.3075-},{Size=6.57-9.3075,Font=latinmodern-math.otf,Style=MathScript},{Size=-6.57,Font=latinmodern-math.otf,Style=MathScriptScript}},BoldFont={latinmodern-math.otf}].
(fontspec)              
(fontspec)              This font family consists of the following NFSS
(fontspec)             series/shapes:
(fontspec)              
(fontspec)             - 'normal' (m/n) with NFSS spec.:
(fontspec)             <9.3075->s*[0.9999967668407183]"[latinmodern-math.otf]/OT:script=math;language=dflt;"<6.57-9.3075>s*[0.9999967668407183]"[latinmodern-math.otf]/OT:script=math;language=dflt;+ssty=0;"<-6.57>s*[0.9999967668407183]"[latinmodern-math.otf]/OT:script=math;language=dflt;+ssty=1;"
(fontspec)             - 'bold' (b/n) with NFSS spec.:
(fontspec)             <->s*[0.9999967668407183]"[latinmodern-math.otf]/OT:script=math;language=dflt;"

LaTeX Font Info:    Font shape `TU/latinmodern-math.otf(1)/m/n' will be
(Font)              scaled to size 10.95pt on input line 251.
LaTeX Font Info:    Encoding `OT1' has changed to `TU' for symbol font
(Font)              `operators' in the math version `normal' on input line 251.
LaTeX Font Info:    Overwriting symbol font `operators' in version `normal'
(Font)                  OT1/lmr/m/n --> TU/latinmodern-math.otf(1)/m/n on input line 251.
LaTeX Font Info:    Encoding `OT1' has changed to `TU' for symbol font
(Font)              `operators' in the math version `bold' on input line 251.
LaTeX Font Info:    Overwriting symbol font `operators' in version `bold'
(Font)                  OT1/lmr/bx/n --> TU/latinmodern-math.otf(1)/b/n on input line 251.

Package fontspec Info: 
(fontspec)             latinmodern-math scale = 0.9999967668407183.


Package fontspec Info: 
(fontspec)             latinmodern-math scale = 1.000096766517402.


Package fontspec Info: 
(fontspec)             latinmodern-math scale = 0.9999967668407183.


Package fontspec Info: 
(fontspec)             latinmodern-math scale = 1.000096766517402.


Package fontspec Info: 
(fontspec)             latinmodern-math scale = 0.9999967668407183.


Package fontspec Info: 
(fontspec)             latinmodern-math scale = 1.000096766517402.


Package fontspec Info: 
(fontspec)             latinmodern-math scale = 0.9999967668407183.


Package fontspec Info: 
(fontspec)             latinmodern-math scale = 1.000096766517402.


Package fontspec Info: 
(fontspec)             latinmodern-math scale = 0.9999967668407183.


Package fontspec Info: 
(fontspec)             latinmodern-math scale = 1.000096766517402.


Package fontspec Info: 
(fontspec)             Font family 'latinmodern-math.otf(2)' created for font
(fontspec)             'latinmodern-math.otf' with options
(fontspec)             [Scale=MatchLowercase,BoldItalicFont={},ItalicFont={},SmallCapsFont={},Script=Math,SizeFeatures={{Size=9.3075-},{Size=6.57-9.3075,Font=latinmodern-math.otf,Style=MathScript},{Size=-6.57,Font=latinmodern-math.otf,Style=MathScriptScript}},BoldFont={latinmodern-math.otf},ScaleAgain=1.0001,FontAdjustment={\fontdimen
(fontspec)             8\font =7.41315pt\relax \fontdimen 9\font
(fontspec)             =4.3143pt\relax \fontdimen 10\font =4.8618pt\relax
(fontspec)             \fontdimen 11\font =7.5117pt\relax \fontdimen 12\font
(fontspec)             =3.77776pt\relax \fontdimen 13\font =3.97485pt\relax
(fontspec)             \fontdimen 14\font =3.97485pt\relax \fontdimen 15\font
(fontspec)             =3.16455pt\relax \fontdimen 16\font =2.70465pt\relax
(fontspec)             \fontdimen 17\font =2.70465pt\relax \fontdimen 18\font
(fontspec)             =2.7375pt\relax \fontdimen 19\font =2.19pt\relax
(fontspec)             \fontdimen 22\font =2.7375pt\relax \fontdimen 20\font
(fontspec)             =0pt\relax \fontdimen 21\font =0pt\relax }].
(fontspec)              
(fontspec)              This font family consists of the following NFSS
(fontspec)             series/shapes:
(fontspec)              
(fontspec)             - 'normal' (m/n) with NFSS spec.:
(fontspec)             <9.3075->s*[1.000096766517402]"[latinmodern-math.otf]/OT:script=math;language=dflt;"<6.57-9.3075>s*[1.000096766517402]"[latinmodern-math.otf]/OT:script=math;language=dflt;+ssty=0;"<-6.57>s*[1.000096766517402]"[latinmodern-math.otf]/OT:script=math;language=dflt;+ssty=1;"
(fontspec)             - 'bold' (b/n) with NFSS spec.:
(fontspec)             <->s*[1.000096766517402]"[latinmodern-math.otf]/OT:script=math;language=dflt;"

LaTeX Font Info:    Encoding `OMS' has changed to `TU' for symbol font
(Font)              `symbols' in the math version `normal' on input line 251.
LaTeX Font Info:    Overwriting symbol font `symbols' in version `normal'
(Font)                  OMS/lmsy/m/n --> TU/latinmodern-math.otf(2)/m/n on input line 251.
LaTeX Font Info:    Encoding `OMS' has changed to `TU' for symbol font
(Font)              `symbols' in the math version `bold' on input line 251.
LaTeX Font Info:    Overwriting symbol font `symbols' in version `bold'
(Font)                  OMS/lmsy/b/n --> TU/latinmodern-math.otf(2)/b/n on input line 251.

Package fontspec Info: 
(fontspec)             latinmodern-math scale = 0.9999967668407183.


Package fontspec Info: 
(fontspec)             latinmodern-math scale = 0.9998967671640342.


Package fontspec Info: 
(fontspec)             latinmodern-math scale = 0.9999967668407183.


Package fontspec Info: 
(fontspec)             latinmodern-math scale = 0.9998967671640342.


Package fontspec Info: 
(fontspec)             latinmodern-math scale = 0.9999967668407183.


Package fontspec Info: 
(fontspec)             latinmodern-math scale = 0.9998967671640342.


Package fontspec Info: 
(fontspec)             latinmodern-math scale = 0.9999967668407183.


Package fontspec Info: 
(fontspec)             latinmodern-math scale = 0.9998967671640342.


Package fontspec Info: 
(fontspec)             latinmodern-math scale = 0.9999967668407183.


Package fontspec Info: 
(fontspec)             latinmodern-math scale = 0.9998967671640342.


Package fontspec Info: 
(fontspec)             Font family 'latinmodern-math.otf(3)' created for font
(fontspec)             'latinmodern-math.otf' with options
(fontspec)             [Scale=MatchLowercase,BoldItalicFont={},ItalicFont={},SmallCapsFont={},Script=Math,SizeFeatures={{Size=9.3075-},{Size=6.57-9.3075,Font=latinmodern-math.otf,Style=MathScript},{Size=-6.57,Font=latinmodern-math.otf,Style=MathScriptScript}},BoldFont={latinmodern-math.otf},ScaleAgain=0.9999,FontAdjustment={\fontdimen
(fontspec)             8\font =0.438pt\relax \fontdimen 9\font =2.19pt\relax
(fontspec)             \fontdimen 10\font =1.82864pt\relax \fontdimen 11\font
(fontspec)             =1.21545pt\relax \fontdimen 12\font =6.56999pt\relax
(fontspec)             \fontdimen 13\font =0pt\relax }].
(fontspec)              
(fontspec)              This font family consists of the following NFSS
(fontspec)             series/shapes:
(fontspec)              
(fontspec)             - 'normal' (m/n) with NFSS spec.:
(fontspec)             <9.3075->s*[0.9998967671640342]"[latinmodern-math.otf]/OT:script=math;language=dflt;"<6.57-9.3075>s*[0.9998967671640342]"[latinmodern-math.otf]/OT:script=math;language=dflt;+ssty=0;"<-6.57>s*[0.9998967671640342]"[latinmodern-math.otf]/OT:script=math;language=dflt;+ssty=1;"
(fontspec)             - 'bold' (b/n) with NFSS spec.:
(fontspec)             <->s*[0.9998967671640342]"[latinmodern-math.otf]/OT:script=math;language=dflt;"

LaTeX Font Info:    Encoding `OMX' has changed to `TU' for symbol font
(Font)              `largesymbols' in the math version `normal' on input line 251.
LaTeX Font Info:    Overwriting symbol font `largesymbols' in version `normal'
(Font)                  OMX/lmex/m/n --> TU/latinmodern-math.otf(3)/m/n on input line 251.
LaTeX Font Info:    Encoding `OMX' has changed to `TU' for symbol font
(Font)              `largesymbols' in the math version `bold' on input line 251.
LaTeX Font Info:    Overwriting symbol font `largesymbols' in version `bold'
(Font)                  OMX/lmex/m/n --> TU/latinmodern-math.otf(3)/b/n on input line 251.
LaTeX Info: Redefining \microtypecontext on input line 251.
Package microtype Info: Applying patch `item' on input line 251.
Package microtype Info: Applying patch `toc' on input line 251.
Package microtype Info: Applying patch `eqnum' on input line 251.
Package microtype Info: Applying patch `footnote' on input line 251.
Package microtype Info: Applying patch `verbatim' on input line 251.
LaTeX Info: Redefining \microtypesetup on input line 251.
Package microtype Info: Character protrusion enabled (level 2).
Package microtype Info: Using protrusion set `basicmath'.
Package microtype Info: No adjustment of tracking.
Package microtype Info: No adjustment of spacing.
Package microtype Info: No adjustment of kerning.
(c:/Users/roess/AppData/Roaming/TinyTeX/texmf-dist/tex/latex/microtype/mt-LatinModernRoman.cfg
File: mt-LatinModernRoman.cfg 2021/02/21 v1.1 microtype config. file: Latin Modern Roman (RS)
)
Package hyperref Info: Link coloring ON on input line 251.

Package hyperref Warning: Rerun to get /PageLabels entry.

Package caption Info: Begin \AtBeginDocument code.
Package caption Info: float package is loaded.
Package caption Info: End \AtBeginDocument code.
Package microtype Info: Loading generic protrusion settings for font family
(microtype)             `lmss' (encoding: TU).
(microtype)             For optimal results, create family-specific settings.
(microtype)             See the microtype manual for details.
LaTeX Font Info:    Font shape `TU/latinmodern-math.otf(1)/m/n' will be
(Font)              scaled to size 14.4pt on input line 253.
LaTeX Font Info:    Font shape `TU/latinmodern-math.otf(1)/m/n' will be
(Font)              scaled to size 10.0pt on input line 253.
LaTeX Font Info:    Font shape `TU/latinmodern-math.otf(1)/m/n' will be
(Font)              scaled to size 7.0pt on input line 253.
LaTeX Font Info:    Trying to load font information for OML+lmm on input line 253.
(c:/Users/roess/AppData/Roaming/TinyTeX/texmf-dist/tex/latex/lm/omllmm.fd
File: omllmm.fd 2015/05/01 v1.6.1 Font defs for Latin Modern
)
LaTeX Font Info:    Font shape `TU/latinmodern-math.otf(2)/m/n' will be
(Font)              scaled to size 14.4013pt on input line 253.
LaTeX Font Info:    Font shape `TU/latinmodern-math.otf(2)/m/n' will be
(Font)              scaled to size 10.00092pt on input line 253.
LaTeX Font Info:    Font shape `TU/latinmodern-math.otf(2)/m/n' will be
(Font)              scaled to size 7.00064pt on input line 253.
LaTeX Font Info:    Font shape `TU/latinmodern-math.otf(3)/m/n' will be
(Font)              scaled to size 14.39845pt on input line 253.
LaTeX Font Info:    Font shape `TU/latinmodern-math.otf(3)/m/n' will be
(Font)              scaled to size 9.99893pt on input line 253.
LaTeX Font Info:    Font shape `TU/latinmodern-math.otf(3)/m/n' will be
(Font)              scaled to size 6.99925pt on input line 253.
LaTeX Font Info:    Trying to load font information for U+msa on input line 253.
(c:/Users/roess/AppData/Roaming/TinyTeX/texmf-dist/tex/latex/amsfonts/umsa.fd
File: umsa.fd 2013/01/14 v3.01 AMS symbols A
) (c:/Users/roess/AppData/Roaming/TinyTeX/texmf-dist/tex/latex/microtype/mt-msa.cfg
File: mt-msa.cfg 2006/02/04 v1.1 microtype config. file: AMS symbols (a) (RS)
)
LaTeX Font Info:    Trying to load font information for U+msb on input line 253.
(c:/Users/roess/AppData/Roaming/TinyTeX/texmf-dist/tex/latex/amsfonts/umsb.fd
File: umsb.fd 2013/01/14 v3.01 AMS symbols B
) (c:/Users/roess/AppData/Roaming/TinyTeX/texmf-dist/tex/latex/microtype/mt-msb.cfg
File: mt-msb.cfg 2005/06/01 v1.0 microtype config. file: AMS symbols (b) (RS)
)

[1



]
Package tocbasic Info: character protrusion at toc deactivated on input line 258.
No file index.toc.
\tf@toc=\write5
\openout5 = `index.toc'.



[2

]
LaTeX Font Info:    Font shape `TU/latinmodern-math.otf(1)/m/n' will be
(Font)              scaled to size 7.665pt on input line 271.
LaTeX Font Info:    Font shape `TU/latinmodern-math.otf(1)/m/n' will be
(Font)              scaled to size 5.475pt on input line 271.
LaTeX Font Info:    Font shape `TU/latinmodern-math.otf(2)/m/n' will be
(Font)              scaled to size 10.95099pt on input line 271.
LaTeX Font Info:    Font shape `TU/latinmodern-math.otf(2)/m/n' will be
(Font)              scaled to size 7.66568pt on input line 271.
LaTeX Font Info:    Font shape `TU/latinmodern-math.otf(2)/m/n' will be
(Font)              scaled to size 5.4755pt on input line 271.
LaTeX Font Info:    Font shape `TU/latinmodern-math.otf(3)/m/n' will be
(Font)              scaled to size 10.94882pt on input line 271.
LaTeX Font Info:    Font shape `TU/latinmodern-math.otf(3)/m/n' will be
(Font)              scaled to size 7.66417pt on input line 271.
LaTeX Font Info:    Font shape `TU/latinmodern-math.otf(3)/m/n' will be
(Font)              scaled to size 5.47441pt on input line 271.


[3

]
chapter 1.
Missing character: There is no  (U+1F680) in font [lmsans10-bold]:mapping=tex-text;!
Missing character: There is no  (U+1F4C8) in font [lmroman10-regular]:mapping=tex-text;!
Missing character: There is no  (U+2211) in font [lmmono10-regular]:!
Missing character: There is no  (U+2295) in font [lmmono10-regular]:!
Missing character: There is no  (U+2295) in font [lmmono10-regular]:!
Missing character: There is no  (U+2295) in font [lmmono10-regular]:!
File: intro_files/figure-pdf/cell-2-output-1.png Graphic file (type bmp)
<intro_files/figure-pdf/cell-2-output-1.png>

Overfull \hbox (10.94551pt too wide) in paragraph at lines 321--322
[][] 
 []



[4

]
Missing character: There is no  (U+1F4A1) in font [lmroman10-regular]:mapping=tex-text;!
Missing character: There is no  (U+1F9E0) in font [lmroman10-regular]:mapping=tex-text;!
Missing character: There is no  (U+1F40D) in font [lmroman10-regular]:mapping=tex-text;!
Missing character: There is no  (U+1F4CA) in font [lmroman10-regular]:mapping=tex-text;!


[5]
chapter 2.


[6

]
File: chapter1_files/figure-pdf/cell-2-output-1.png Graphic file (type bmp)
<chapter1_files/figure-pdf/cell-2-output-1.png>


[7]

[8]
File: chapter1_files/figure-pdf/cell-4-output-1.png Graphic file (type bmp)
<chapter1_files/figure-pdf/cell-4-output-1.png>


[9]

[10]
chapter 3.

Underfull \hbox (badness 10000) in paragraph at lines 523--525

 []


Underfull \hbox (badness 10000) in paragraph at lines 525--527

 []


Underfull \hbox (badness 10000) in paragraph at lines 527--529

 []


Underfull \hbox (badness 10000) in paragraph at lines 544--546

 []


Underfull \hbox (badness 10000) in paragraph at lines 546--548

 []


Underfull \hbox (badness 10000) in paragraph at lines 548--550

 []



[11

]
Underfull \hbox (badness 10000) in paragraph at lines 587--589

 []


Underfull \hbox (badness 10000) in paragraph at lines 589--592

 []



[12]
Underfull \hbox (badness 10000) in paragraph at lines 619--621

 []


Underfull \hbox (badness 10000) in paragraph at lines 621--623

 []


Underfull \hbox (badness 10000) in paragraph at lines 623--625

 []


Underfull \hbox (badness 10000) in paragraph at lines 625--628

 []

File: chapter2_files/figure-pdf/cell-4-output-1.png Graphic file (type bmp)
<chapter2_files/figure-pdf/cell-4-output-1.png>

Overfull \hbox (10.94794pt too wide) in paragraph at lines 648--649
[][] 
 []



[13]
Underfull \hbox (badness 10000) in paragraph at lines 660--663

 []



[14]

[15]
Underfull \hbox (badness 10000) in paragraph at lines 781--783

 []


Underfull \hbox (badness 10000) in paragraph at lines 783--786

 []


Underfull \hbox (badness 10000) in paragraph at lines 786--789

 []



[16]
Underfull \hbox (badness 10000) in paragraph at lines 817--819

 []


Underfull \hbox (badness 10000) in paragraph at lines 819--821

 []



[17]
Underfull \hbox (badness 10000) in paragraph at lines 854--857

 []


Underfull \hbox (badness 10000) in paragraph at lines 857--860

 []


Underfull \hbox (badness 10000) in paragraph at lines 860--863

 []


Underfull \hbox (badness 10000) in paragraph at lines 863--866

 []



[18]
Underfull \hbox (badness 10000) in paragraph at lines 915--917

 []


Underfull \hbox (badness 10000) in paragraph at lines 917--919

 []


Underfull \hbox (badness 10000) in paragraph at lines 919--921

 []


Underfull \hbox (badness 10000) in paragraph at lines 935--937

 []


Underfull \hbox (badness 10000) in paragraph at lines 937--939

 []


Underfull \hbox (badness 10000) in paragraph at lines 939--941

 []


Underfull \hbox (badness 10000) in paragraph at lines 941--943

 []


Underfull \hbox (badness 10000) in paragraph at lines 954--956

 []



[19]
Underfull \hbox (badness 10000) in paragraph at lines 956--958

 []


Underfull \hbox (badness 10000) in paragraph at lines 958--960

 []


Underfull \hbox (badness 10000) in paragraph at lines 960--962

 []


Underfull \hbox (badness 10000) in paragraph at lines 962--964

 []


Underfull \hbox (badness 10000) in paragraph at lines 964--966

 []


Underfull \hbox (badness 10000) in paragraph at lines 966--968

 []


Underfull \hbox (badness 10000) in paragraph at lines 968--970

 []


Underfull \hbox (badness 10000) in paragraph at lines 970--972

 []



[20]
chapter 4.


[21

]
File: chapter3_files/figure-pdf/cell-2-output-2.png Graphic file (type bmp)
<chapter3_files/figure-pdf/cell-2-output-2.png>


[22]

[23]
File: chapter3_files/figure-pdf/cell-3-output-2.png Graphic file (type bmp)
<chapter3_files/figure-pdf/cell-3-output-2.png>


[24]

[25]
LaTeX Font Info:    Font shape `TU/lmtt/bx/n' in size <10.95> not available
(Font)              Font shape `TU/lmtt/b/n' tried instead on input line 1223.
File: chapter3_files/figure-pdf/cell-4-output-1.png Graphic file (type bmp)
<chapter3_files/figure-pdf/cell-4-output-1.png>


[26]

Package longtable Warning: Column widths have changed
(longtable)                in table 4.1 on input line 1248.

Missing character: There is no  (U+03B5) in font [lmroman10-bold]:mapping=tex-text;!
Missing character: There is no  (U+2265) in font [lmroman10-regular]:mapping=tex-text;!
Missing character: There is no  (U+03B5) in font [lmroman10-regular]:mapping=tex-text;!
Missing character: There is no  (U+03B5) in font [lmroman10-regular]:mapping=tex-text;!
File: chapter3_files/figure-pdf/cell-5-output-2.png Graphic file (type bmp)
<chapter3_files/figure-pdf/cell-5-output-2.png>


[27]

[28]

[29]
File: chapter3_files/figure-pdf/cell-6-output-1.png Graphic file (type bmp)
<chapter3_files/figure-pdf/cell-6-output-1.png>

Overfull \hbox (10.95529pt too wide) in paragraph at lines 1445--1446
[][] 
 []



[30]

[31]

[32]
chapter 5.
(c:/Users/roess/AppData/Roaming/TinyTeX/texmf-dist/tex/latex/microtype/mt-TU-empty.cfg
File: mt-TU-empty.cfg 2021/06/22 v1.1 microtype config. file: fonts with nonstandard glyph set (RS)
)

[33

]

[34]
File: chapter4_files/figure-pdf/cell-3-output-2.png Graphic file (type bmp)
<chapter4_files/figure-pdf/cell-3-output-2.png>

Overfull \hbox (10.9587pt too wide) in paragraph at lines 1609--1610
[][] 
 []



[35]
File: chapter4_files/figure-pdf/cell-4-output-1.png Graphic file (type bmp)
<chapter4_files/figure-pdf/cell-4-output-1.png>

Overfull \hbox (10.94205pt too wide) in paragraph at lines 1668--1669
[][] 
 []



[36]

[37]

[38]
File: chapter4_files/figure-pdf/cell-5-output-2.png Graphic file (type bmp)
<chapter4_files/figure-pdf/cell-5-output-2.png>

Overfull \hbox (10.96413pt too wide) in paragraph at lines 1814--1815
[][] 
 []



[39]

[40]

[41]
Underfull \vbox (badness 10000) detected at line 1960
 []


Underfull \vbox (badness 10000) detected at line 1960
 []



[42]
File: chapter4_files/figure-pdf/cell-6-output-2.png Graphic file (type bmp)
<chapter4_files/figure-pdf/cell-6-output-2.png>

Overfull \hbox (10.95898pt too wide) in paragraph at lines 1976--1977
[][] 
 []

File: chapter4_files/figure-pdf/cell-6-output-3.png Graphic file (type bmp)
<chapter4_files/figure-pdf/cell-6-output-3.png>


[43]
Overfull \hbox (10.94601pt too wide) in paragraph at lines 1978--1979
[][] 
 []



[44]

[45]
File: chapter4_files/figure-pdf/cell-7-output-1.png Graphic file (type bmp)
<chapter4_files/figure-pdf/cell-7-output-1.png>

Overfull \hbox (10.94205pt too wide) in paragraph at lines 2062--2063
[][] 
 []



[46]

[47]

[48]
File: chapter4_files/figure-pdf/cell-8-output-2.png Graphic file (type bmp)
<chapter4_files/figure-pdf/cell-8-output-2.png>

Overfull \hbox (10.94907pt too wide) in paragraph at lines 2154--2155
[][] 
 []



[49]

[50]
chapter 6.


[51

]
Overfull \hbox (82.12485pt too wide) in paragraph at lines 2346--2346
[]\TU/lmtt/m/n/10.95 Features: [[]sepal length (cm)[], []sepal width (cm)[], []petal length (cm)[], []petal width (cm)[]][] 
 []


Package longtable Warning: Column widths have changed
(longtable)                in table 6.1 on input line 2364.



[52]

[53]
Overfull \hbox (30.38611pt too wide) in paragraph at lines 2423--2423
[]\TU/lmtt/m/n/10.95 Variance explained by each component: [0.72962445 0.22850762 0.03668922 0.00517871][] 
 []

File: chapter5_files/figure-pdf/fig-pca-iris-output-1.png Graphic file (type bmp)
<chapter5_files/figure-pdf/fig-pca-iris-output-1.png>
File: chapter5_files/figure-pdf/fig-pca-iris-output-3.png Graphic file (type bmp)
<chapter5_files/figure-pdf/fig-pca-iris-output-3.png>


[54]
Overfull \vbox (137.6923pt too high) has occurred while \output is active []



[55]
File: chapter5_files/figure-pdf/fig-pca-components-output-1.png Graphic file (type bmp)
<chapter5_files/figure-pdf/fig-pca-components-output-1.png>


[56]

[57]
File: chapter5_files/figure-pdf/fig-lda-iris-output-1.png Graphic file (type bmp)
<chapter5_files/figure-pdf/fig-lda-iris-output-1.png>


[58]

[59]
File: chapter5_files/figure-pdf/fig-kernel-pca-output-1.png Graphic file (type bmp)
<chapter5_files/figure-pdf/fig-kernel-pca-output-1.png>


[60]
File: chapter5_files/figure-pdf/fig-incremental-pca-output-1.png Graphic file (type bmp)
<chapter5_files/figure-pdf/fig-incremental-pca-output-1.png>


[61]
File: chapter5_files/figure-pdf/fig-tsne-output-1.png Graphic file (type bmp)
<chapter5_files/figure-pdf/fig-tsne-output-1.png>


[62]

LaTeX Warning: Float too large for page by 227.24185pt on input line 2797.



[63]

[64]

[65]

[66]

[67]
File: chapter5_files/figure-pdf/fig-svd-iris-output-2.png Graphic file (type bmp)
<chapter5_files/figure-pdf/fig-svd-iris-output-2.png>
File: chapter5_files/figure-pdf/fig-svd-iris-output-3.png Graphic file (type bmp)
<chapter5_files/figure-pdf/fig-svd-iris-output-3.png>


[68]
Overfull \vbox (51.97447pt too high) has occurred while \output is active []



[69]
File: chapter5_files/figure-pdf/fig-svd-pca-comparison-output-1.png Graphic file (type bmp)
<chapter5_files/figure-pdf/fig-svd-pca-comparison-output-1.png>


[70]

[71]
Underfull \vbox (badness 10000) detected at line 3148
 []


Underfull \vbox (badness 10000) detected at line 3148
 []



[72]
File: chapter5_files/figure-pdf/fig-svd-low-rank-output-1.png Graphic file (type bmp)
<chapter5_files/figure-pdf/fig-svd-low-rank-output-1.png>

LaTeX Warning: Float too large for page by 295.2638pt on input line 3357.



[73]

[74]

[75]

[76]
Underfull \vbox (badness 10000) detected at line 3411
 []


Underfull \vbox (badness 10000) detected at line 3411
 []



[77]
File: chapter5_files/figure-pdf/fig-truncated-svd-output-1.png Graphic file (type bmp)
<chapter5_files/figure-pdf/fig-truncated-svd-output-1.png>


[78]

[79]
chapter 7.


[80

]
File: chapter6_files/figure-pdf/cell-2-output-1.png Graphic file (type bmp)
<chapter6_files/figure-pdf/cell-2-output-1.png>

Overfull \hbox (10.94518pt too wide) in paragraph at lines 3642--3643
[][] 
 []



[81]

[82]

[83]

[84]

[85]
Underfull \hbox (badness 2269) in paragraph at lines 3873--3876
\TU/lmr/m/n/10.95 complexity pruning (Minimal Cost-Complexity Pruning) - Reduced Error Pruning -
 []



[86]

[87]

[88]

[89]
Missing character: There is no  (U+2248) in font [lmroman10-regular]:mapping=tex-text;!
File: chapter6_files/figure-pdf/cell-6-output-1.png Graphic file (type bmp)
<chapter6_files/figure-pdf/cell-6-output-1.png>

Overfull \hbox (10.94551pt too wide) in paragraph at lines 4165--4166
[][] 
 []



[90]

[91]

[92]

[93]

[94]
File: chapter6_files/figure-pdf/cell-7-output-2.png Graphic file (type bmp)
<chapter6_files/figure-pdf/cell-7-output-2.png>

Overfull \hbox (10.94751pt too wide) in paragraph at lines 4438--4439
[][] 
 []



[95]

[96]

[97]

[98]
File: chapter6_files/figure-pdf/cell-8-output-3.png Graphic file (type bmp)
<chapter6_files/figure-pdf/cell-8-output-3.png>

Overfull \hbox (10.94551pt too wide) in paragraph at lines 4648--4649
[][] 
 []



[99]

[100]

[101]

[102]

[103]
chapter 8.
Missing character: There is no  (U+2265) in font [lmroman10-regular]:mapping=tex-text;!
Missing character: There is no  (U+03BE) in font [lmroman10-regular]:mapping=tex-text;!
Missing character: There is no  (U+03BE) in font [lmroman10-regular]:mapping=tex-text;!
Missing character: There is no  (U+2265) in font [lmroman10-regular]:mapping=tex-text;!
Missing character: There is no  (U+03BE) in font [lmroman10-regular]:mapping=tex-text;!
Missing character: There is no  (U+03BE) in font [lmroman10-regular]:mapping=tex-text;!
Missing character: There is no  (U+2265) in font [lmroman10-regular]:mapping=tex-text;!


[104

]
Overfull \vbox (0.5213pt too high) detected at line 4985
 []



[105]
File: chapter6v2_files/figure-pdf/cell-3-output-1.png Graphic file (type bmp)
<chapter6v2_files/figure-pdf/cell-3-output-1.png>
Missing character: There is no  (U+03B1) in font [lmroman10-regular]:mapping=tex-text;!
Missing character: There is no  (U+03B1) in font [lmroman10-regular]:mapping=tex-text;!
Missing character: There is no  (U+03B1) in font [lmroman10-regular]:mapping=tex-text;!
Missing character: There is no  (U+2264) in font [lmroman10-regular]:mapping=tex-text;!
Missing character: There is no  (U+03B1) in font [lmroman10-regular]:mapping=tex-text;!
Missing character: There is no  (U+2264) in font [lmroman10-regular]:mapping=tex-text;!
Missing character: There is no  (U+03B1) in font [lmroman10-regular]:mapping=tex-text;!
Missing character: There is no  (U+03B1) in font [lmroman10-regular]:mapping=tex-text;!


[106]
Missing character: There is no  (U+03B5) in font [lmroman10-regular]:mapping=tex-text;!
Missing character: There is no  (U+03B5) in font [lmroman10-regular]:mapping=tex-text;!
Missing character: There is no  (U+03B5) in font [lmroman10-regular]:mapping=tex-text;!


[107]
File: chapter6v2_files/figure-pdf/cell-4-output-1.png Graphic file (type bmp)
<chapter6v2_files/figure-pdf/cell-4-output-1.png>

Overfull \hbox (10.94907pt too wide) in paragraph at lines 5096--5097
[][] 
 []

Missing character: There is no  (U+03C6) in font [lmroman10-regular]:mapping=tex-text;!
Missing character: There is no  (U+03C6) in font [lmroman10-regular]:mapping=tex-text;!
Missing character: There is no  (U+03C6) in font [lmroman10-regular]:mapping=tex-text;!


[108]
Missing character: There is no  (U+03B3) in font [lmroman10-regular]:mapping=tex-text;!
Missing character: There is no  (U+03B3) in font [lmroman10-regular]:mapping=tex-text;!
Missing character: There is no  (U+03B3) in font [lmroman10-regular]:mapping=tex-text;!
Missing character: There is no  (U+03B3) in font [lmroman10-regular]:mapping=tex-text;!
Missing character: There is no  (U+03B3) in font [lmroman10-regular]:mapping=tex-text;!


[109]
File: chapter6v2_files/figure-pdf/cell-5-output-1.png Graphic file (type bmp)
<chapter6v2_files/figure-pdf/cell-5-output-1.png>

Overfull \hbox (10.94907pt too wide) in paragraph at lines 5220--5221
[][] 
 []



[110]

[111]

[112]

[113]

[114]
Underfull \vbox (badness 10000) detected at line 5496
 []


Underfull \vbox (badness 10000) detected at line 5496
 []



[115]
File: chapter6v2_files/figure-pdf/cell-7-output-2.png Graphic file (type bmp)
<chapter6v2_files/figure-pdf/cell-7-output-2.png>

Overfull \hbox (10.94504pt too wide) in paragraph at lines 5506--5507
[][] 
 []

File: chapter6v2_files/figure-pdf/cell-7-output-3.png Graphic file (type bmp)
<chapter6v2_files/figure-pdf/cell-7-output-3.png>


[116]
Overfull \hbox (10.96004pt too wide) in paragraph at lines 5508--5509
[][] 
 []

File: chapter6v2_files/figure-pdf/cell-7-output-4.png Graphic file (type bmp)
<chapter6v2_files/figure-pdf/cell-7-output-4.png>


[117]
Overfull \hbox (10.96004pt too wide) in paragraph at lines 5510--5511
[][] 
 []



[118]

[119]

[120]
File: chapter6v2_files/figure-pdf/cell-8-output-1.png Graphic file (type bmp)
<chapter6v2_files/figure-pdf/cell-8-output-1.png>

Overfull \hbox (10.94167pt too wide) in paragraph at lines 5604--5605
[][] 
 []



[121]

[122]

[123]
Overfull \vbox (2.43088pt too high) detected at line 5751
 []



[124]
File: chapter6v2_files/figure-pdf/cell-9-output-2.png Graphic file (type bmp)
<chapter6v2_files/figure-pdf/cell-9-output-2.png>

Overfull \hbox (10.9667pt too wide) in paragraph at lines 5760--5761
[][] 
 []

File: chapter6v2_files/figure-pdf/cell-9-output-3.png Graphic file (type bmp)
<chapter6v2_files/figure-pdf/cell-9-output-3.png>

Overfull \hbox (10.96056pt too wide) in paragraph at lines 5762--5763
[][] 
 []



[125]
Missing character: There is no  (U+0233) in font [lmroman10-regular]:mapping=tex-text;!


[126]

[127]
chapter 9.


[128

]
chapter 10.


[129

]
chapter 11.

Overfull \hbox (5.02596pt too wide) in paragraph at lines 5850--5852
\TU/lmr/m/n/10.95 X_train, X_test, y_train, y_test = train_test_split(X, y, test_size=0.3, random_state=42) 
 []



[130

]
chapter 12.

Overfull \hbox (30.38611pt too wide) in paragraph at lines 5885--5885
[]\TU/lmtt/m/n/10.95 plt.scatter(X_train, y_train, color=[]blue[], s=30, alpha=0.4, label=[]Training data[])[] 
 []


Overfull \hbox (7.39111pt too wide) in paragraph at lines 5886--5886
[]\TU/lmtt/m/n/10.95 plt.scatter(X_test, y_test, color=[]red[], s=30, alpha=0.4, label=[]Testing data[])[] 
 []


Overfull \hbox (70.62735pt too wide) in paragraph at lines 5889--5889
[]\TU/lmtt/m/n/10.95 plt.title(f[]Polynomial Degree {degree}\nTrain R: {train_r2:.2f}, Test R: {test_r2:.2f}[])[] 
 []



[131

]
chapter 13.
Missing character: There is no  (U+03C3) in font [lmmono10-regular]:!


[132

]
File: chapter7_files/figure-pdf/cell-2-output-1.png Graphic file (type bmp)
<chapter7_files/figure-pdf/cell-2-output-1.png>

Overfull \hbox (10.94551pt too wide) in paragraph at lines 5974--5975
[][] 
 []

File: chapter7_files/figure-pdf/cell-2-output-2.png Graphic file (type bmp)
<chapter7_files/figure-pdf/cell-2-output-2.png>

Overfull \hbox (10.94551pt too wide) in paragraph at lines 5976--5977
[][] 
 []



[133]

[134]
Overfull \hbox (99.3711pt too wide) in paragraph at lines 6036--6036
[]\TU/lmtt/m/n/10.95 Outliers: [np.float64(-2.6197451040897444), np.float64(5.0), np.float64(-5.0), np.float64(7.0)][] 
 []


Overfull \hbox (47.63234pt too wide) in paragraph at lines 6038--6038
[]\TU/lmtt/m/n/10.95 Bounds (lower, upper): (np.float64(-2.260417817278694), np.float64(2.164235959266887))[] 
 []



[135]
File: chapter7_files/figure-pdf/cell-4-output-1.png Graphic file (type bmp)
<chapter7_files/figure-pdf/cell-4-output-1.png>

Overfull \hbox (10.94551pt too wide) in paragraph at lines 6113--6114
[][] 
 []



[136]

[137]
File: chapter7_files/figure-pdf/cell-5-output-1.png Graphic file (type bmp)
<chapter7_files/figure-pdf/cell-5-output-1.png>

Overfull \hbox (10.94551pt too wide) in paragraph at lines 6194--6195
[][] 
 []



[138]

[139]

[140]
File: chapter7_files/figure-pdf/cell-6-output-1.png Graphic file (type bmp)
<chapter7_files/figure-pdf/cell-6-output-1.png>

Overfull \hbox (10.94551pt too wide) in paragraph at lines 6285--6286
[][] 
 []

File: chapter7_files/figure-pdf/cell-6-output-2.png Graphic file (type bmp)
<chapter7_files/figure-pdf/cell-6-output-2.png>

Overfull \hbox (10.96104pt too wide) in paragraph at lines 6287--6288
[][] 
 []



[141]

[142]
chapter 14.


[143

]

[144]
File: chapter7_files/figure-pdf/cell-7-output-2.png Graphic file (type bmp)
<chapter7_files/figure-pdf/cell-7-output-2.png>

Overfull \hbox (10.95338pt too wide) in paragraph at lines 6454--6455
[][] 
 []



[145]

[146]
File: chapter7_files/figure-pdf/cell-8-output-2.png Graphic file (type bmp)
<chapter7_files/figure-pdf/cell-8-output-2.png>

Overfull \hbox (10.94061pt too wide) in paragraph at lines 6533--6534
[][] 
 []



[147]

[148]

[149]

[150]
File: chapter7_files/figure-pdf/cell-9-output-2.png Graphic file (type bmp)
<chapter7_files/figure-pdf/cell-9-output-2.png>

Overfull \hbox (10.96005pt too wide) in paragraph at lines 6659--6660
[][] 
 []



[151]

[152]
chapter 15.


[153

]

[154]

[155]
File: chapter7_files/figure-pdf/cell-10-output-2.png Graphic file (type bmp)
<chapter7_files/figure-pdf/cell-10-output-2.png>

Overfull \hbox (10.94766pt too wide) in paragraph at lines 6884--6885
[][] 
 []



[156]
Underfull \vbox (badness 10000) detected at line 6977
 []


Underfull \vbox (badness 10000) detected at line 6977
 []



[157]
File: chapter7_files/figure-pdf/cell-11-output-2.png Graphic file (type bmp)
<chapter7_files/figure-pdf/cell-11-output-2.png>

Overfull \hbox (10.94551pt too wide) in paragraph at lines 7013--7014
[][] 
 []



[158]

[159]
chapter 16.
Missing character: There is no  (U+03B8) in font [lmroman10-regular]:mapping=tex-text;!
Missing character: There is no  (U+03B8) in font [lmroman10-regular]:mapping=tex-text;!
Missing character: There is no  (U+2207) in font [lmroman10-regular]:mapping=tex-text;!
Missing character: There is no  (U+03B8) in font [lmroman10-regular]:mapping=tex-text;!
Missing character: There is no  (U+03B8) in font [lmroman10-regular]:mapping=tex-text;!
Missing character: There is no  (U+03B8) in font [lmroman10-regular]:mapping=tex-text;!
Missing character: There is no  (U+03B8) in font [lmroman10-regular]:mapping=tex-text;!
Missing character: There is no  (U+03B8) in font [lmroman10-regular]:mapping=tex-text;!
Missing character: There is no  (U+03B1) in font [lmroman10-regular]:mapping=tex-text;!
Missing character: There is no  (U+2207) in font [lmroman10-regular]:mapping=tex-text;!
Missing character: There is no  (U+03B8) in font [lmroman10-regular]:mapping=tex-text;!
Missing character: There is no  (U+03B1) in font [lmroman10-regular]:mapping=tex-text;!
Missing character: There is no  (U+2207) in font [lmroman10-regular]:mapping=tex-text;!
Missing character: There is no  (U+03B8) in font [lmroman10-regular]:mapping=tex-text;!
Missing character: There is no  (U+03B8) in font [lmroman10-regular]:mapping=tex-text;!
Missing character: There is no  (U+2207) in font [lmroman10-regular]:mapping=tex-text;!
Missing character: There is no  (U+03B8) in font [lmroman10-regular]:mapping=tex-text;!
Missing character: There is no  (U+03B8) in font [lmroman10-regular]:mapping=tex-text;!


[160

]
Missing character: There is no  (U+03B8) in font [lmroman10-regular]:mapping=tex-text;!


[161]
Underfull \vbox (badness 10000) detected at line 7195
 []


Underfull \vbox (badness 10000) detected at line 7195
 []



[162]
File: chapter8_files/figure-pdf/cell-2-output-1.png Graphic file (type bmp)
<chapter8_files/figure-pdf/cell-2-output-1.png>

Overfull \hbox (10.9667pt too wide) in paragraph at lines 7197--7198
[][] 
 []

File: chapter8_files/figure-pdf/cell-2-output-2.png Graphic file (type bmp)
<chapter8_files/figure-pdf/cell-2-output-2.png>

Overfull \hbox (10.96056pt too wide) in paragraph at lines 7199--7200
[][] 
 []



[163]
Missing character: There is no  (U+03B1) in font [lmroman10-regular]:mapping=tex-text;!
Missing character: There is no  (U+03B1) in font [lmroman10-bold]:mapping=tex-text;!


[164]
Missing character: There is no  (U+03B1) in font [lmroman10-bold]:mapping=tex-text;!
Missing character: There is no  (U+03B1) in font [lmroman10-bold]:mapping=tex-text;!
Missing character: There is no  (U+03B1) in font [lmmono10-regular]:!
File: chapter8_files/figure-pdf/cell-3-output-1.png Graphic file (type bmp)
<chapter8_files/figure-pdf/cell-3-output-1.png>

Overfull \hbox (10.95105pt too wide) in paragraph at lines 7287--7288
[][] 
 []



[165]

[166]

[167]
Overfull \hbox (18.88861pt too wide) in paragraph at lines 7386--7386
[]\TU/lmtt/m/n/10.95 C:\Users\roess\AppData\Local\Temp\ipykernel_8832\433023471.py:29: RuntimeWarning:[] 
 []


Overfull \hbox (191.35103pt too wide) in paragraph at lines 7390--7390
[]\TU/lmtt/m/n/10.95 C:\Users\roess\Documents\repos\Notes\myvenv312\Lib\site-packages\numpy\_core\fromnumeric.py:86: RuntimeWarning:[] 
 []


Overfull \hbox (18.88861pt too wide) in paragraph at lines 7394--7394
[]\TU/lmtt/m/n/10.95 C:\Users\roess\AppData\Local\Temp\ipykernel_8832\433023471.py:28: RuntimeWarning:[] 
 []

File: chapter8_files/figure-pdf/cell-4-output-2.png Graphic file (type bmp)
<chapter8_files/figure-pdf/cell-4-output-2.png>

Overfull \hbox (10.9587pt too wide) in paragraph at lines 7399--7400
[][] 
 []



[168]

[169]
chapter 17.


[170

]

[171]
Missing character: There is no  (U+03B1) in font [lmroman10-regular]:mapping=tex-text;!
Missing character: There is no  (U+03B1) in font [lmroman10-regular]:mapping=tex-text;!
Missing character: There is no  (U+2080) in font [lmroman10-regular]:mapping=tex-text;!
Missing character: There is no  (U+03B1) in font [lmroman10-regular]:mapping=tex-text;!
Missing character: There is no  (U+03B1) in font [lmroman10-regular]:mapping=tex-text;!
Missing character: There is no  (U+2080) in font [lmroman10-regular]:mapping=tex-text;!
Missing character: There is no  (U+03C4) in font [lmroman10-regular]:mapping=tex-text;!
Missing character: There is no  (U+03B1) in font [lmroman10-regular]:mapping=tex-text;!
Missing character: There is no  (U+03B1) in font [lmroman10-regular]:mapping=tex-text;!
Missing character: There is no  (U+2080) in font [lmroman10-regular]:mapping=tex-text;!
Missing character: There is no  (U+03B1) in font [lmroman10-regular]:mapping=tex-text;!
Missing character: There is no  (U+2080) in font [lmroman10-regular]:mapping=tex-text;!
Missing character: There is no  (U+03C4) in font [lmroman10-regular]:mapping=tex-text;!


[172]

[173]

[174]
File: chapter8_files/figure-pdf/cell-9-output-1.png Graphic file (type bmp)
<chapter8_files/figure-pdf/cell-9-output-1.png>

Overfull \hbox (10.95105pt too wide) in paragraph at lines 7707--7708
[][] 
 []



[175] [176]

[177]
chapter 18.
Missing character: There is no  (U+03B3) in font [lmroman10-regular]:mapping=tex-text;!
Missing character: There is no  (U+03B1) in font [lmroman10-regular]:mapping=tex-text;!
Missing character: There is no  (U+2207) in font [lmroman10-regular]:mapping=tex-text;!
Missing character: There is no  (U+03B8) in font [lmroman10-regular]:mapping=tex-text;!
Missing character: There is no  (U+03B8) in font [lmroman10-regular]:mapping=tex-text;!
Missing character: There is no  (U+03B8) in font [lmroman10-regular]:mapping=tex-text;!
Missing character: There is no  (U+03B3) in font [lmroman10-regular]:mapping=tex-text;!
Missing character: There is no  (U+03B1) in font [lmroman10-regular]:mapping=tex-text;!
Missing character: There is no  (U+03B2) in font [lmroman10-regular]:mapping=tex-text;!
Missing character: There is no  (U+03B2) in font [lmroman10-regular]:mapping=tex-text;!
Missing character: There is no  (U+2207) in font [lmroman10-regular]:mapping=tex-text;!
Missing character: There is no  (U+03B8) in font [lmroman10-regular]:mapping=tex-text;!
Missing character: There is no  (U+03B8) in font [lmroman10-regular]:mapping=tex-text;!
Missing character: There is no  (U+03B8) in font [lmroman10-regular]:mapping=tex-text;!
Missing character: There is no  (U+03B1) in font [lmroman10-regular]:mapping=tex-text;!
Missing character: There is no  (U+03B5) in font [lmroman10-regular]:mapping=tex-text;!
Missing character: There is no  (U+2207) in font [lmroman10-regular]:mapping=tex-text;!
Missing character: There is no  (U+03B8) in font [lmroman10-regular]:mapping=tex-text;!
Missing character: There is no  (U+03B2) in font [lmroman10-regular]:mapping=tex-text;!
Missing character: There is no  (U+03B5) in font [lmroman10-regular]:mapping=tex-text;!
Missing character: There is no  (U+03B2) in font [lmroman10-regular]:mapping=tex-text;!
Missing character: There is no  (U+2081) in font [lmroman10-regular]:mapping=tex-text;!
Missing character: There is no  (U+03B2) in font [lmroman10-regular]:mapping=tex-text;!
Missing character: There is no  (U+2081) in font [lmroman10-regular]:mapping=tex-text;!
Missing character: There is no  (U+2207) in font [lmroman10-regular]:mapping=tex-text;!
Missing character: There is no  (U+03B8) in font [lmroman10-regular]:mapping=tex-text;!
Missing character: There is no  (U+03B2) in font [lmroman10-regular]:mapping=tex-text;!
Missing character: There is no  (U+2082) in font [lmroman10-regular]:mapping=tex-text;!
Missing character: There is no  (U+03B2) in font [lmroman10-regular]:mapping=tex-text;!
Missing character: There is no  (U+2082) in font [lmroman10-regular]:mapping=tex-text;!
Missing character: There is no  (U+2207) in font [lmroman10-regular]:mapping=tex-text;!
Missing character: There is no  (U+03B8) in font [lmroman10-regular]:mapping=tex-text;!
Missing character: There is no  (U+03B2) in font [lmroman10-regular]:mapping=tex-text;!
Missing character: There is no  (U+2081) in font [lmroman10-regular]:mapping=tex-text;!
Missing character: There is no  (U+1D57) in font [lmroman10-regular]:mapping=tex-text;!
Missing character: There is no  (U+03B2) in font [lmroman10-regular]:mapping=tex-text;!
Missing character: There is no  (U+2082) in font [lmroman10-regular]:mapping=tex-text;!
Missing character: There is no  (U+1D57) in font [lmroman10-regular]:mapping=tex-text;!
Missing character: There is no  (U+03B8) in font [lmroman10-regular]:mapping=tex-text;!
Missing character: There is no  (U+03B8) in font [lmroman10-regular]:mapping=tex-text;!
Missing character: There is no  (U+03B1) in font [lmroman10-regular]:mapping=tex-text;!
Missing character: There is no  (U+03B5) in font [lmroman10-regular]:mapping=tex-text;!


[178

]
Missing character: There is no  (U+03B2) in font [lmroman10-regular]:mapping=tex-text;!
Missing character: There is no  (U+2081) in font [lmroman10-regular]:mapping=tex-text;!
Missing character: There is no  (U+03B2) in font [lmroman10-regular]:mapping=tex-text;!
Missing character: There is no  (U+2082) in font [lmroman10-regular]:mapping=tex-text;!
Missing character: There is no  (U+03B5) in font [lmroman10-regular]:mapping=tex-text;!
Missing character: There is no  (U+207B) in font [lmroman10-regular]:mapping=tex-text;!
Missing character: There is no  (U+2078) in font [lmroman10-regular]:mapping=tex-text;!
Missing character: There is no  (U+03B8) in font [lmroman10-regular]:mapping=tex-text;!
Missing character: There is no  (U+03B8) in font [lmroman10-regular]:mapping=tex-text;!
Missing character: There is no  (U+03B1) in font [lmroman10-regular]:mapping=tex-text;!
Missing character: There is no  (U+2211) in font [lmroman10-regular]:mapping=tex-text;!
Missing character: There is no  (U+03B8) in font [lmroman10-regular]:mapping=tex-text;!
Missing character: There is no  (U+1D62) in font [lmroman10-regular]:mapping=tex-text;!
Missing character: There is no  (U+03B8) in font [lmroman10-regular]:mapping=tex-text;!
Missing character: There is no  (U+1D62) in font [lmroman10-regular]:mapping=tex-text;!


[179]
Missing character: There is no  (U+03B8) in font [lmroman10-regular]:mapping=tex-text;!
Missing character: There is no  (U+03B8) in font [lmroman10-regular]:mapping=tex-text;!
Missing character: There is no  (U+03B1) in font [lmroman10-regular]:mapping=tex-text;!
Missing character: There is no  (U+2211) in font [lmroman10-regular]:mapping=tex-text;!
Missing character: There is no  (U+03B8) in font [lmroman10-regular]:mapping=tex-text;!
Missing character: There is no  (U+1D62) in font [lmroman10-regular]:mapping=tex-text;!
Missing character: There is no  (U+03B1) in font [lmroman10-regular]:mapping=tex-text;!
Missing character: There is no  (U+03B8) in font [lmroman10-regular]:mapping=tex-text;!
Missing character: There is no  (U+1D62) in font [lmroman10-regular]:mapping=tex-text;!


[180]
Missing character: There is no  (U+03B8) in font [lmroman10-regular]:mapping=tex-text;!
Missing character: There is no  (U+03B8) in font [lmroman10-regular]:mapping=tex-text;!
Missing character: There is no  (U+03B1) in font [lmroman10-regular]:mapping=tex-text;!
Missing character: There is no  (U+03C1) in font [lmroman10-regular]:mapping=tex-text;!
Missing character: There is no  (U+2211) in font [lmroman10-regular]:mapping=tex-text;!
Missing character: There is no  (U+03B8) in font [lmroman10-regular]:mapping=tex-text;!
Missing character: There is no  (U+1D62) in font [lmroman10-regular]:mapping=tex-text;!
Missing character: There is no  (U+03B1) in font [lmroman10-regular]:mapping=tex-text;!
Missing character: There is no  (U+03C1) in font [lmroman10-regular]:mapping=tex-text;!
Missing character: There is no  (U+2211) in font [lmroman10-regular]:mapping=tex-text;!
Missing character: There is no  (U+03B8) in font [lmroman10-regular]:mapping=tex-text;!
Missing character: There is no  (U+1D62) in font [lmroman10-regular]:mapping=tex-text;!
Missing character: There is no  (U+03C1) in font [lmroman10-regular]:mapping=tex-text;!


[181]

[182]
Overfull \vbox (2.50754pt too high) detected at line 8015
 []



[183]

[184]
chapter 19.


[185

]

[186]
chapter 20.


[187

]
chapter 21.
Missing character: There is no  (U+1F4CC) in font [lmroman10-regular]:mapping=tex-text;!


[188

]
Missing character: There is no  (U+1F4CC) in font [lmroman10-regular]:mapping=tex-text;!


[189]
Missing character: There is no  (U+1F4CC) in font [lmroman10-regular]:mapping=tex-text;!


[190]

[191]

[192]

[193]
File: chapter9_files/figure-pdf/cell-10-output-1.png Graphic file (type bmp)
<chapter9_files/figure-pdf/cell-10-output-1.png>


[194]

[195]
File: chapter9_files/figure-pdf/cell-11-output-1.png Graphic file (type bmp)
<chapter9_files/figure-pdf/cell-11-output-1.png>


[196]
File: chapter9_files/figure-pdf/cell-12-output-1.png Graphic file (type bmp)
<chapter9_files/figure-pdf/cell-12-output-1.png>


[197]
File: chapter9_files/figure-pdf/cell-13-output-1.png Graphic file (type bmp)
<chapter9_files/figure-pdf/cell-13-output-1.png>


[198]

[199]
File: chapter9_files/figure-pdf/cell-16-output-1.png Graphic file (type bmp)
<chapter9_files/figure-pdf/cell-16-output-1.png>
File: chapter9_files/figure-pdf/cell-16-output-2.png Graphic file (type bmp)
<chapter9_files/figure-pdf/cell-16-output-2.png>


[200]

[201]

[202]
File: chapter9_files/figure-pdf/cell-18-output-1.png Graphic file (type bmp)
<chapter9_files/figure-pdf/cell-18-output-1.png>

Overfull \hbox (10.9587pt too wide) in paragraph at lines 8898--8899
[][] 
 []



[203]

[204]

[205]

[206]

[207]
chapter 22.


[208

]
Missing character: There is no  (U+2081) in font [lmsans10-bold]:mapping=tex-text;!
Missing character: There is no  (U+2227) in font [lmsans10-bold]:mapping=tex-text;!
Missing character: There is no  (U+2082) in font [lmsans10-bold]:mapping=tex-text;!
Missing character: There is no  (U+2082) in font [lmsans10-bold]:mapping=tex-text;!
Missing character: There is no  (U+2081) in font [lmsans10-bold]:mapping=tex-text;!
Missing character: There is no  (U+2082) in font [lmroman10-regular]:mapping=tex-text;!
Missing character: There is no  (U+2081) in font [lmroman10-regular]:mapping=tex-text;!
Missing character: There is no  (U+2082) in font [lmroman10-regular]:mapping=tex-text;!
Missing character: There is no  (U+2081) in font [lmroman10-regular]:mapping=tex-text;!
Missing character: There is no  (U+2082) in font [lmmono10-regular]:!
Missing character: There is no  (U+2081) in font [lmmono10-regular]:!


[209]

[210]

LaTeX Warning: File `perceptron_multi_output.png' not found on input line 9299.

! Unable to load picture or PDF file 'perceptron_multi_output.png'.
<to be read again> 
                   }
l.9299 ...pectratio]{perceptron_multi_output.png}}
                                                  
The requested image couldn't be read because
it was not a recognized image format.

 
Here is how much of TeX's memory you used:
 40083 strings out of 475786
 840311 string characters out of 5770645
 1528865 words of memory out of 5000000
 62419 multiletter control sequences out of 15000+600000
 565308 words of font info for 91 fonts, out of 8000000 for 9000
 36 hyphenation exceptions out of 8191
 108i,10n,114p,10900b,964s stack positions out of 10000i,1000n,20000p,200000b,200000s
Output written on index.pdf (210 pages).
